Removed Pin From Net: NetName=AGND Pin=C6-2
Removed Pin From Net: NetName=AGND Pin=C9-1
Removed Pin From Net: NetName=AGND Pin=C11-1
Removed Pin From Net: NetName=AGND Pin=C12-1
Removed Pin From Net: NetName=AGND Pin=C16-1
Removed Pin From Net: NetName=AGND Pin=C17-2
Removed Pin From Net: NetName=AGND Pin=C18-2
Removed Pin From Net: NetName=AGND Pin=C19-2
Removed Pin From Net: NetName=AGND Pin=C20-1
Removed Pin From Net: NetName=AGND Pin=C21-1
Removed Pin From Net: NetName=AGND Pin=C22-1
Removed Pin From Net: NetName=VDD_5V Pin=C22-2
Removed Pin From Net: NetName=AGND Pin=C24-1
Removed Pin From Net: NetName=AGND Pin=C25-2
Removed Pin From Net: NetName=AGND Pin=C30-2
Removed Pin From Net: NetName=AGND Pin=C31-1
Removed Pin From Net: NetName=VDD_5V Pin=C33-1
Removed Pin From Net: NetName=VDD_5V Pin=C34-1
Removed Pin From Net: NetName=VDD_5V Pin=C35-1
Removed Pin From Net: NetName=AGND Pin=C36-1
Removed Pin From Net: NetName=VDD_5V Pin=C36-2
Removed Pin From Net: NetName=AGND Pin=C37-1
Removed Pin From Net: NetName=VDD_5V Pin=C37-2
Removed Pin From Net: NetName=AGND Pin=C39-1
Removed Pin From Net: NetName=AGND Pin=C42-1
Removed Pin From Net: NetName=AGND Pin=C43-1
Removed Pin From Net: NetName=AGND Pin=C44-1
Removed Pin From Net: NetName=AGND Pin=C45-2
Removed Pin From Net: NetName=AGND Pin=C46-1
Removed Pin From Net: NetName=AGND Pin=C47-2
Removed Pin From Net: NetName=AGND Pin=C48-1
Removed Pin From Net: NetName=AGND Pin=C49-1
Removed Pin From Net: NetName=AGND Pin=C50-1
Removed Pin From Net: NetName=AGND Pin=C51-1
Removed Pin From Net: NetName=AGND Pin=C52-1
Removed Pin From Net: NetName=VDD_5V Pin=C56-1
Removed Pin From Net: NetName=AGND Pin=C56-2
Removed Pin From Net: NetName=AGND Pin=IC3-6
Removed Pin From Net: NetName=AGND Pin=IC3-9
Removed Pin From Net: NetName=AGND Pin=IC3-17
Removed Pin From Net: NetName=AGND Pin=IC3-20
Removed Pin From Net: NetName=AGND Pin=IC4-2
Removed Pin From Net: NetName=VDD_5V Pin=IC4-3
Removed Pin From Net: NetName=VDD_5V Pin=IC5-4
Removed Pin From Net: NetName=AGND Pin=IC5-5
Removed Pin From Net: NetName=VDD_5V Pin=IC5-15
Removed Pin From Net: NetName=VDD_5V Pin=IC5-17
Removed Pin From Net: NetName=AGND Pin=IC6-6
Removed Pin From Net: NetName=AGND Pin=IC7-10
Removed Pin From Net: NetName=AGND Pin=IC8-16
Removed Pin From Net: NetName=AGND Pin=IC8-19
Removed Pin From Net: NetName=AGND Pin=IC8-25
Removed Pin From Net: NetName=AGND Pin=IC8-27
Removed Pin From Net: NetName=AGND Pin=IC9-10
Removed Pin From Net: NetName=AGND Pin=IC11-3
Removed Pin From Net: NetName=VDD_5V Pin=IC11-5
Removed Pin From Net: NetName=AGND Pin=J2-3
Removed Pin From Net: NetName=VDD_5V Pin=Jumper1-1
Removed Pin From Net: NetName=AGND Pin=Jumper1-3
Removed Pin From Net: NetName=AGND Pin=Jumper2-3
Removed Pin From Net: NetName=VDD_5V Pin=L3-2
Removed Pin From Net: NetName=VDD_5V Pin=L5-1
Removed Pin From Net: NetName=VDD_5V Pin=L6-1
Removed Pin From Net: NetName=VDD_5V Pin=L7-1
Removed Pin From Net: NetName=AGND Pin=LD1-1
Removed Pin From Net: NetName=AGND Pin=OSC1-2
Removed Pin From Net: NetName=AGND Pin=OSC1-4
Removed Pin From Net: NetName=AGND Pin=P8-1
Removed Pin From Net: NetName=AGND Pin=P8-2
Removed Pin From Net: NetName=AGND Pin=P9-1
Removed Pin From Net: NetName=AGND Pin=P9-2
Removed Pin From Net: NetName=VDD_5V Pin=P9-5
Removed Pin From Net: NetName=VDD_5V Pin=P9-6
Removed Pin From Net: NetName=NetIC1_A7 Pin=P9-41
Removed Pin From Net: NetName=NetIC1_A8 Pin=P9-42
Removed Pin From Net: NetName=AGND Pin=P9-43
Removed Pin From Net: NetName=AGND Pin=P9-44
Removed Pin From Net: NetName=AGND Pin=P9-45
Removed Pin From Net: NetName=AGND Pin=P9-46
Removed Pin From Net: NetName=VDD_5V Pin=R2-1
Removed Pin From Net: NetName=VDD_5V Pin=R5-1
Removed Pin From Net: NetName=VDD_5V Pin=R7-2
Removed Pin From Net: NetName=AGND Pin=R8-1
Removed Pin From Net: NetName=AGND Pin=R9-1
Removed Pin From Net: NetName=AGND Pin=R15-1
Removed Pin From Net: NetName=AGND Pin=TR1-2
Removed Pin From Net: NetName=AGND Pin=TR1-6
Removed Member From Class: ClassName=BBB_Connection Member=J2
Removed Member From Class: ClassName=BBB_Connection Member=P8
Removed Member From Class: ClassName=BBB_Connection Member=P9
Removed Member From Class: ClassName=RF Member=NetC7_2
Removed Member From Class: ClassName=RF Member=NetC10_1
Removed Member From Class: ClassName=RF Member=NetC13_1
Removed Member From Class: ClassName=RF Member=NetC23_1
Removed Member From Class: ClassName=RF Member=NetC26_1
Removed Member From Class: ClassName=RF Member=NetC26_2
Removed Member From Class: ClassName=RF Member=NetC28_1
Removed Member From Class: ClassName=RF Member=NetC28_2
Removed Member From Class: ClassName=RF Member=NetC29_1
Removed Member From Class: ClassName=RF Member=NetC32_1
Removed Member From Class: ClassName=RF Member=NetC32_2
Removed Member From Class: ClassName=RF Member=NetC44_2
Removed Member From Class: ClassName=RF Member=NetIC3_15
Removed Member From Class: ClassName=RF Member=NetIC3_16
Removed Member From Class: ClassName=RF Member=NetIC5_10
Removed Member From Class: ClassName=RF Member=VGA_OUT_N
Removed Member From Class: ClassName=RF Member=VGA_OUT_P
Change Class Name : Old Net Name=BBB_Connection New Net Name=1
Added Member To Class: ClassName=1 Member=Component C1 100nF
Added Member To Class: ClassName=1 Member=Component C2 100nF
Added Member To Class: ClassName=1 Member=Component C3 100nF
Added Member To Class: ClassName=1 Member=Component C4 1uF
Added Member To Class: ClassName=1 Member=Component C5 100nF
Added Member To Class: ClassName=1 Member=Component C7 100nF
Added Member To Class: ClassName=1 Member=Component D1 ES1D
Added Member To Class: ClassName=1 Member=Component D2 ES1D
Added Member To Class: ClassName=1 Member=Component D3 BAT64-04W
Added Member To Class: ClassName=1 Member=Component IC1 HV7360LA-G
Added Member To Class: ClassName=1 Member=Component IC2 MD0100N8-G
Added Member To Class: ClassName=1 Member=Component J1 SMA
Added Member To Class: ClassName=1 Member=Component L1 75R@100MHz
Added Member To Class: ClassName=1 Member=Component R1 4k7
Added Member To Class: ClassName=1 Member=Component TP1 Test Point
