Removed Pin From Net: NetName=NetIC1_A8 Pin=P2-1
Removed Pin From Net: NetName=AGND Pin=P2-2
Removed Pin From Net: NetName=NetIC1_A7 Pin=P3-1
Removed Pin From Net: NetName=AGND Pin=P3-2
Removed Pin From Net: NetName=NetC7_2 Pin=P4-1
Removed Pin From Net: NetName=AGND Pin=P4-2
Removed Pin From Net: NetName=AGND Pin=P5-1
Removed Pin From Net: NetName=VDD_5V Pin=P5-2
Removed Member From Class: ClassName=1 Member=P2
Removed Member From Class: ClassName=1 Member=P3
Removed Member From Class: ClassName=1 Member=P4
Removed Member From Class: ClassName=1 Member=P5
Change Component Comment : Designator=J5 Old Comment=Family New Comment=PHOENIX_1803277
Added Component: Designator=J6(HARWIN_M20-9990246)
Added Component: Designator=J7(HARWIN_M20-9990246)
Added Component: Designator=J8(HARWIN_M20-9990246)
Added Component: Designator=J9(HARWIN_M20-9990246)
Added Pin To Net: NetName=VDD_5V Pin=J6-1
Added Pin To Net: NetName=AGND Pin=J6-2
Added Pin To Net: NetName=NetIC1_A8 Pin=J7-1
Added Pin To Net: NetName=AGND Pin=J7-2
Added Pin To Net: NetName=NetIC1_A7 Pin=J8-1
Added Pin To Net: NetName=AGND Pin=J8-2
Added Pin To Net: NetName=NetC7_2 Pin=J9-1
Added Pin To Net: NetName=AGND Pin=J9-2
Added Member To Class: ClassName=1 Member=Component J6 Header 2
Added Member To Class: ClassName=1 Member=Component J7 Header 2
Added Member To Class: ClassName=1 Member=Component J8 Header 2
Added Member To Class: ClassName=1 Member=Component J9 Header 2
