100424233562
100424254072
100424273585
100424293496
100424313642
100424333794
100424353491
100424373651
100424393591
100424414313
100424434487
100424454476
100424474437
100424494863
100424514542
100424534536
100424554580
100424575725
100424596575
100424616712
100424636574
100424656519
100424676362
100424695663
100424715609
100424735630
100424755593
100424776529
100424796431
100424817630
100424838600
100424859319
100424878194
100424897194
100424917484
100424937193
100424956298
100424976261
100424996300
100425016518
100425036650
100425057361
100425077298
100425096593
100425116406
100425136376
100425156347
100425176345
100425196343
100425216351
100425236532
100425256446
100425276531
100425296342
100425316474
100425337537
100425358487
100425378314
100425398403
100425418318
100425438536
100425458403
100425478361
100425498636
100425519565
100425540389
100425561384
100425581407
100425601469
100425622417
100425643344
100425664495
100425684511
100425704469
100425724467
100425744484
100425764476
100425784497
100425804565
100425824577
100425844568
100425864593
100425884584
100425904589
100425924609
100425944355
100425964229
100425984198
100426004282
100426024183
100426043081
100426062138
100426081772
100426102279
100426122140
100426142323
100426162271
100426182285
100426202392
100426222386
100426242355
100426262344
100426282229
100426302291
100426322438
100426342223
100426362417
100426383452
100426404414
100426425420
100426446409
100426467396
100426488343
100426508309
100426528270
100426548182
100426568063
100426588362
100426609628
100426630473
100426651318
100426672341
100426692319
100426712417
100426732446
100426752134
100426771189
100426792418
100426813495
100426834426
100426855326
100426876331
100426896165
100426916263
100426937463
100426958077
100426977072
100426997146
100427018108
100427038165
100427058175
100427079146
100427099172
100427119184
100427139069
100427159094
100427179152
100427199284
100427219113
100427238097
100427257101
100427278461
100427299015
100427319141
100427339083
100427358333
100427379306
100427400369
100427421378
100427442432
100427463462
100427484370
100427505465
100427526270
100427546295
100427567066
100427587198
100427607215
100427627212
100427647104
100427665821
100427684804
100427703767
100427722751
100427741942
100427760923
100427780934
100427799828
100427818903
100427838020
100427857972
100427878376
100427898007
100427916927
100427935884
100427955795
100427974904
100427995022
100428014988
100428034956
100428054942
100428074999
100428094947
100428115049
100428135181
100428155993
100428175961
100428195991
100428215906
100428234840
100428254828
100428274826
100428293913
100428312870
100428331851
100428350855
100428370872
100428389982
100428409997
100428429958
100428449964
100428469963
100428489986
100428515770
100428536350
100428557126
100428576648
100428597297
100428617934
100428636713
100428655762
100428676081
100428695804
100428714912
100428734079
100428754196
100428773913
100428793906
100428812830
100428831833
100428850845
100428870824
100428890628
100428910559
100428930742
100428949893
100428969918
100428989961
100429009713
100429028905
100429049040
100429069340
100429090368
100429111253
100429132013
100429152131
100429172086
100429191858
100429212449
100429233344
100429253376
100429274337
100429294519
100429314476
100429334428
100429354469
100429374527
100429394564
100429415578
100429436602
100429457668
100429478586
100429499681
100429520768
100429541769
100429563055
100429583588
100429603723
100429624708
100429644757
100429664671
100429684953
100429706089
100429726892
100429747949
100429768102
100429789130
100429810199
100429831256
100429852253
100429872921
100429893105
100429914264
100429935181
100429956184
100429977337
100429998070
100430018032
100430038062
100430058391
100430078292
100430099346
100430120389
100430141356
100430162772
100430183326
100430203678
100430224438
100430245504
100430266731
100430287601
100430307762
100430328754
100430349736
100430369927
100430390519
100430410699
100430430669
100430450624
100430470419
100430489794
100430510613
100430530714
100430551826
100430572692
100430592867
100430613847
100430634927
100430656112
100430676873
100430698141
100430718959
100430740206
100430761176
100430782215
100430803110
100430824207
100430845326
100430866237
100430887190
100430906829
100430927048
100430947080
100430967181
100430987196
100431008167
100431028062
100431048172
100431068491
100431089540
100431110393
100431131409
100431152327
100431172470
100431193434
100431214459
100431235553
100431256628
100431277465
100431297462
100431318504
100431339496
100431359516
100431379434
100431400567
100431420534
100431440536
100431460643
100431480517
100431500817
100431521867
100431542802
100431563755
100431583804
100431603821
100431623871
100431643741
100431663809
100431683935
100431705101
100431726105
100431747041
100431767984
100431788028
100431808974
100431829121
100431850048
100431870101
100431890110
100431910088
100431929940
100431950124
100431970105
100431990315
100432009987
100432028917
100432048882
100432069050
100432089259
100432110261
100432131234
100432151249
100432171232
100432191278
100432211294
100432231291
100432251300
100432271310
100432290339
100432309374
100432328232
100432347320
100432366498
100432386608
100432406667
100432426736
100432447642
100432467679
100432487965
100432508871
100432529968
100432551057
100432571606
100432591908
100432612982
100432633983
100432655012
100432676015
100432697115
100432718114
100432739104
100432760022
100432779910
100432799984
100432819930
100432840081
100432861183
100432880926
100432900889
100432920086
100432939918
100432959126
100432978833
100432999130
100433019334
100433040311
100433061415
100433082157
100433103284
100433124324
100433145489
100433166461
100433186405
100433207298
100433227365
100433248557
100433269605
100433290612
100433311364
100433331382
100433351608
100433372524
100433393696
100433414385
100433434671
100433455675
100433476718
100433497571
100433518539
100433539780
100433560511
100433580553
100433600639
100433621159
100433640804
100433660687
100433681997
100433702928
100433723925
100433743854
100433763891
100433783878
100433803769
100433825043
100433846127
100433867143
100433887949
100433908884
100433928914
100433948989
100433970114
100433991088
100434011015
100434031040
100434051060
100434071138
100434091164
100434111939
100434132095
100434152152
100434171973
100434192090
100434212135
100434232170
100434252159
100434272393
100434292132
100434312175
100434331345
100434351363
100434372668
100434392375
100434413393
100434433382
100434453297
100434473435
100434494546
100434514265
100434533480
100434553314
100434573191
100434592447
100434612436
100434632554
100434652339
100434672199
100434692452
100434712628
100434732642
100434753714
100434773776
100434793620
100434814811
100434835700
100434855490
100434875774
100434896669
100434916627
100434936704
100434956765
100434976860
100434997961
100435018566
100435037899
100435057632
100435076760
100435096913
100435117958
100435138180
100435159126
100435179819
100435199803
100435219871
100435239851
100435260149
100435280184
100435300104
100435320117
100435340134
100435360052
100435381329
100435402043
100435422021
100435442091
100435462117
100435483098
100435503026
100435523239
100435544256
100435565291
100435586277
100435606496
100435626383
100435647170
100435667096
100435687534
100435707851
100435727218
100435747213
100435767245
100435787219
100435807254
100435827644
100435848366
100435868293
100435888307
100435908305
100435928321
100435948327
100435968420
100435988412
100436008644
100436029544
100436049731
100436070745
100436091780
100436112820
100436133597
100436153988
100436173560
100436193623
100436213593
100436233578
100436253607
100436273632
100436293613
100436313576
100436332497
100436351528
100436370542
100436389701
100436410006
100436430845
100436450818
100436470684
100436490730
100436510770
100436531025
100436551038
100436571012
100436591000
100436611006
100436631032
100436650513
100436669908
100436689857
100436709990
100436729980
100436749910
100436769932
100436790011
100436810084
100436830022
100436850080
100436871488
100436892162
100436912227
100436931808
100436950826
100436969977
100436988944
100437009298
100437030468
100437051448
100437072203
100437092203
100437113277
100437134199
100437154219
100437174312
100437194278
100437215612
100437236605
100437257370
100437278381
100437298369
100437318556
100437339596
100437360628
100437381518
100437402584
100437423615
100437444558
100437464404
100437483399
100437502409
100437521514
100437541659
100437562722
100437583417
100437602390
100437621459
100437641574
100437661494
100437681824
100437702870
100437723874
100437743787
100437763726
100437785103
100437806069
100437827021
100437847917
100437868980
100437889860
100437910868
100437932136
100437953063
100437973991
100437994900
100438015946
100438036915
100438058059
100438078938
100438098933
100438119095
100438162122
100438183047
100438203000
100438224225
100438245309
100438266292
100438287035
100438308190
100438329268
100438350183
100438370975
100438391328
100438412393
100438433134
100438453025
100438473166
100438493105
100438513263
100438534207
100438555565
100438576229
100438597163
100438618359
100438639327
100438659473
100438680417
100438701114
100438721568
100438742243
100438762312
100438782287
100438802264
100438822303
100438842352
100438862166
100438881586
100438901541
100438921389
100438941805
100438961609
100438981494
100439001685
100439021659
100439041633
100439062234
100439081556
100439102487
100439122578
100439143430
100439162742
100439183630
100439204729
100439224693
100439245764
100439266716
100439287755
100439308855
100439329627
100439350653
100439371683
100439392790
100439412813
100439432844
100439452913
100439472870
100439492655
100439513316
100439532698
100439552685
100439572751
100439593724
100439614041
100439634986
100439655882
100439675886
100439696005
100439716837
100439736977
100439756973
100439777025
100439796790
100439816821
100439836817
100439856841
100439877079
100439898116
100439918116
100439938072
100439958149
100439978205
100439998090
100440019409
100440039063
100440059059
100440078944
100440098831
100440118048
100440139262
100440160241
100440181034
100440200886
100440219861
100440239219
100440259142
100440279301
100440298995
100440319043
100440339102
100440359382
100440380122
100440401238
100440422139
100440443062
100440463098
100440483039
100440503172
100440524043
100440543015
100440562081
100440581081
100440601037
100440621095
100440640979
100440661075
100440681328
100440701138
100440721480
100440742303
100440763498
100440784382
100440804120
100440824190
100440844183
100440864280
100440885615
100440905608
100440925564
100440945491
100440965497
100440986503
100441006631
100441027381
100441047380
100441067342
100441087350
100441107423
100441127529
100441147562
100441167543
100441187416
100441207570
100441228527
100441249692
100441270368
100441290431
100441310340
100441329423
100441349365
100441368334
100441387538
100441407527
100441427420
100441447618
100441468576
100441488528
100441509780
100441529883
100441550661
100441570572
100441590608
100441610701
100441630739
100441651788
100441672740
100441692603
100441712919
100441733735
100441754103
100441774935
100441795962
100441816997
100441836783
100441856733
100441876525
100441895593
100441914640
100441933813
100441954652
100441973792
100441993585
100442013665
100442032688
100442051688
100442071796
100442091784
100442111764
100442131792
100442150817
100442170803
100442190771
100442209857
100442229843
100442249863
100442269936
100442291161
100442311979
100442333156
100442354143
100442375189
100442396179
100442415935
100442435982
100442455965
100442476028
100442496171
100442516154
100442536211
100442556280
100442576588
100442596259
100442617163
100442637309
100442657369
100442678321
100442699282
100442720260
100442741307
100442761334
100442782189
100442801924
100442820943
100442839920
100442859047
100442879203
100442900028
100442920161
100442940078
100442960187
100442980193
100443000269
100443020198
100443041360
100443062216
100443082274
100443102089
100443121096
100443140392
100443161557
100443182562
100443202581
100443222183
100443242182
100443262474
100443282379
100443302404
100443323214
100443343318
100443363088
100443382765
100443402565
100443422540
100443442573
100443462616
100443482597
100443502657
100443523367
100443543647
100443563520
100443583375
100443603430
100443623407
100443643564
100443664523
100443685464
100443705493
100443725489
100443745590
100443765703
100443785575
100443806437
100443826489
100443846615
100443867659
100443888614
100443908505
100443928457
100443948699
100443969643
100443989711
100444010688
100444031587
100444052744
100444073739
100444093865
100444113672
100444133897
100444154101
100444173822
100444193886
100444214928
100444235698
100444255695
100444275614
100444295931
100444317039
100444336991
100444357988
100444378670
100444398956
100444419731
100444439645
100444459641
100444479740
100444499849
