100320392539
100320413429
100320434497
100320454501
100320474565
100320495254
100320516625
100320537570
100320558453
100320578336
100320598677
100320619683
100320640472
100320661433
100320681510
100320702373
100320722249
100320743572
100320764705
100320785515
100320806517
100320827500
100320847550
100320867256
100320887304
100320907460
100320928533
100320949288
100320969270
100320989258
100321009255
100321029309
100321049273
100321070563
100321091448
100321112395
100321133104
100321152306
100321172411
100321192348
100321212403
100321232409
100321253383
100321273117
100321292153
100321312425
100321332379
100321352115
100321371081
100321390371
100321410188
100321431196
100321451403
100321472360
100321493496
100321513373
100321533462
100321553315
100321573075
100321593107
100321612079
100321632080
100321653189
100321673261
100321693074
100321713154
100321733039
100321753068
100321773100
100321793213
100321813063
100321832992
100321853238
100321873253
100321893242
100321914384
100321935423
100321956433
100321977126
100321997447
100322017422
100322037260
100322057245
100322077252
100322097064
100322117253
100322138088
100322158137
100322179303
100322200355
100322221237
100322241233
100322262310
100322282125
100322301987
100322321992
100322342583
100322362120
100322381956
100322401062
100322420105
100322440082
100322458958
100322478893
100322498986
100322519223
100322538936
100322558862
100322579000
100322599124
100322620261
100322641240
100322662231
100322683189
100322704075
100322725235
100322746112
100322767105
100322787979
100322808285
100322828868
100322848770
100322869136
100322888799
100322907921
100322927819
100322948181
100322968240
100322988214
100323008051
100323028839
100323048950
100323068976
100323088937
100323108911
100323129939
100323149891
100323170015
100323190921
100323210907
100323230969
100323252015
100323273000
100323293860
100323313866
100323333722
100323353870
100323374771
100323394772
100323414786
100323434803
100323454685
100323474841
100323494651
100323513539
100323532695
100323551705
100323570630
100323589685
100323608654
100323627708
100323646654
100323665648
100323684601
100323703756
100323723684
100323742639
100323761650
100323780639
100323799745
100323819651
100323840051
100323860947
100323881946
100323901807
100323921788
100323941774
100323961899
100323981902
100324001810
100324022856
100324043785
100324064749
100324084938
100324105969
100324126881
100324146894
100324166850
100324186943
100324207814
100324228942
100324249940
100324270927
100324291808
100324311906
100324332899
100324353852
100324375069
100324395772
100324416760
100324436775
100324456899
100324476809
100324497915
100324518811
100324539885
100324560741
100324581773
100324602882
100324623871
100324644965
100324665615
100324685515
100324705817
100324726642
100324747786
100324768607
100324788889
100324809840
100324830631
100324850780
100324871868
100324892907
100324913881
100324934676
100324954701
100324974629
100324994668
100325014676
100325034719
100325054675
100325074606
100325094660
100325114649
100325134436
100325154579
100325174627
100325194638
100325214391
100325234509
100325253351
100325272294
100325292370
100325312360
100325332360
100325351548
100325371411
100325391545
100325411444
100325432736
100325453516
100325473319
100325493656
100325514685
100325535590
100325556650
100325577689
100325598506
100325618476
100325638653
100325659676
100325680509
100325700672
100325721733
100325741639
100325761638
100325781684
100325801622
100325821609
100325841640
100325861410
100325881708
100325901615
100325921600
100325941497
100325961384
100325981599
100326002289
100326022349
100326041419
100326061470
100326081432
100326101541
100326122614
100326142784
100326162439
100326182352
100326202348
100326222532
100326242540
100326263492
100326284563
100326305523
100326326531
100326346623
100326367673
100326388369
100326409554
100326430496
100326451502
100326472501
100326493297
100326513589
100326534547
100326554670
100326575622
100326596476
100326616452
100326636210
100326656246
100326676368
100326696316
100326716258
100326736402
100326756346
100326776264
100326796213
100326815373
100326835327
100326855465
100326875617
100326895630
100326916298
100326936171
100326955149
100326974260
100326994269
100327014225
100327034226
100327054208
100327073142
100327093287
100327113339
100327134259
100327154279
100327175212
100327196216
100327216298
100327236496
100327257431
100327278496
100327298498
100327318496
100327338496
100327358523
100327378501
100327398383
100327418127
100327438162
100327458114
100327478137
100327498486
100327519254
100327539181
100327558460
100327578157
100327598195
100327618281
100327638194
100327659424
100327679392
100327699431
100327720427
100327740012
100327760094
100327779814
100327799575
100327819510
100327838478
100327857949
100327877065
100327895730
100327914481
100327933687
100327952689
100327971559
100327991650
100328011955
100328031149
100328051076
100328069952
100328088854
100328108149
100328127984
100328148184
100328169064
100328188880
100328209087
100328228865
100328247958
100328266909
100328285916
100328304913
100328323971
100328343973
100328364060
100328384081
100328404086
100328423986
100328444032
100328464179
100328484183
100328504029
100328525147
100328546101
100328567154
100328588071
100328608166
100328628174
100328648412
100328669270
100328690064
100328709956
100328729918
100328749993
100328769079
100328789930
100328810107
100328831100
100328852200
100328873043
100328894183
100328914908
100328935113
100328955923
100328976006
100328996069
100329016026
100329036896
100329056942
100329076926
100329096954
100329116773
100329135921
100329155981
100329175987
100329196015
100329215989
100329236836
100329255982
100329275941
100329296080
100329315923
100329335939
100329356062
100329377031
100329396839
100329416808
100329436684
100329456886
100329477975
100329497829
100329517805
100329536960
100329556776
100329576920
100329597270
100329617924
100329639031
100329660052
100329680843
100329701212
100329722154
100329742843
100329764121
100329784972
100329805971
100329827132
100329848127
100329869078
100329890013
100329910993
100329931858
100329951865
100329971874
100329991789
100330012167
100330033104
100330054115
100330075098
100330096155
100330116707
100330136754
100330156814
100330176713
100330196743
100330216791
100330236707
100330256717
100330277012
100330298055
100330319093
100330339961
100330359958
100330380040
100330401101
100330422278
100330443067
100330463818
100330484842
100330505812
100330526801
100330547784
100330568650
100330589004
100330609976
100330630975
100330652177
100330673016
100330693779
100330713878
100330733381
100330752524
100330772713
100330792540
100330812434
100330832458
100330852639
100330872631
100330891586
100330910449
100330929583
100330949582
100330969423
100330989711
100331010889
100331031854
100331052887
100331073783
100331094866
100331115427
100331135913
100331155661
100331176579
100331196770
100331216731
100331236654
100331256653
100331277103
100331297514
100331317547
100331337582
100331357513
100331377885
100331398674
100331419893
100331440564
100331460826
100331480789
100331500439
100331519571
100331539443
100331558715
100331579723
100331599621
100331619480
100331639697
100331659673
100331679653
100331700516
100331721039
100331741505
100331761470
100331781469
100331800692
100331821619
100331842557
100331862591
100331883429
100331903682
100331923715
100331944636
100331964696
100331985634
100332005565
100332026449
100332046804
100332067579
100332088458
100332109407
100332129598
100332150628
100332171567
100332192573
100332212563
100332233429
100332254036
100332273347
100332293658
100332314737
100332335449
100332355432
100332375409
100332395383
100332415557
100332436392
100332456466
100332476514
100332497372
100332517480
100332537530
100332557203
100332577712
100332597513
100332617333
100332636705
100332657660
100332678431
100332698678
100332719453
100332739885
100332759476
100332779647
100332799595
100332820453
100332841574
100332862340
100332882373
100332902408
100332923636
100332944615
100332965402
100332986201
100333006455
100333027206
100333047599
100333068375
100333089431
100333110397
100333131541
100333152479
100333173270
100333193330
100333213275
100333233334
100333253266
100333273200
100333293580
100333314204
100333334347
100333355418
100333376392
100333397100
100333417262
100333437334
100333458116
100333478411
100333499127
100333518419
100333538254
100333559429
100333579393
100333599209
100333619258
100333639157
100333659269
100333679184
100333699353
100333719175
100333739137
100333759052
100333778200
100333798211
100333818112
100333837330
100333857338
100333878319
100333898362
100333919122
100333938983
100333958015
100333977338
100333997290
100334017349
100334037296
100334057502
100334078436
100334099314
100334120469
100334140292
100334160334
100334180146
100334199101
100334219231
100334239092
100334259013
100334294720
100334315067
100334335054
100334355033
100334375038
100334395084
100334414945
100334434879
100334454920
100334474996
100334495028
100334515210
100334536152
100334556963
100334576414
100334597161
100334617157
100334637203
100334658026
100334678034
100334698089
100334717859
100334738169
100334758168
100334778231
100334798899
100334818881
100334839327
100334860308
100334881212
100334901793
100334921997
100334941911
100334962260
100334983338
100335004084
100335025136
100335045984
100335066008
100335086335
100335106909
100335127095
100335146853
100335165932
100335186256
100335206015
100335226202
100335246186
100335266290
100335287198
100335308101
100335328043
100335348081
100335369088
100335390064
100335410057
100335429878
100335448821
100335468977
100335488980
100335508923
100335529006
100335548859
100335569057
100335589875
100335610081
100335631047
100335651094
100335671060
100335692067
100335712167
100335732134
100335752011
100335772036
100335793032
100335813241
100335834009
100335854027
100335875039
100335896069
100335915949
100335935894
100335956343
100335976043
100335995853
100336016716
100336037191
100336056923
100336076773
100336098057
100336118901
100336138915
100336159115
100336178852
100336198683
100336218716
100336238758
100336258717
100336278689
100336298833
100336318686
100336337755
100336357792
100336378082
100336399071
100336419960
100336440006
100336459825
100336479986
100336500922
100336521726
100336541967
100336562690
100336582809
100336603113
100336624037
100336644023
100336663911
100336683757
100336703630
100336723079
100336743927
100336763920
100336783947
100336803855
100336823768
100336843598
100336862716
100336882692
100336902695
100336922893
100336942870
100336963964
100336984901
100337005991
100337027431
100337048002
100337068903
100337089896
100337110934
100337132058
100337152658
100337172540
100337192599
100337212615
100337231993
100337253086
100337273743
100337293818
100337313552
100337333964
100337354972
100337375887
100337396718
100337417722
100337437698
100337458756
100337478886
100337500072
100337520714
100337540559
100337559999
100337579713
100337600807
100337621785
100337642734
100337663732
100337684730
100337705887
100337726495
100337746726
100337766717
100337787735
100337808707
100337829634
100337850734
100337871689
100337892684
100337912391
100337932641
100337952597
100337972661
100337992675
100338012677
100338032606
100338052469
100338073036
100338093404
100338113509
100338133423
100338153863
100338174801
100338194734
100338214757
100338234420
100338254567
100338275586
100338296560
100338317583
100338338580
100338359698
100338380447
100338401603
100338422647
100338442690
100338463686
100338484635
100338505719
100338526671
100338547688
100338568553
100338588469
100338609248
100338629319
100338649452
100338670670
100338691661
100338711609
100338732686
100338753356
100338773532
100338794523
100338815506
100338836450
100338857503
100338878451
100338898367
100338918265
100338937440
100338957370
100338977331
100338997563
100339018481
100339039525
100339060356
100339080568
100339101525
100339122514
100339142596
100339163670
100339184485
100339204574
100339224107
100339243199
100339262230
100339281183
100339300195
100339319224
100339338232
100339357100
100339376195
100339395220
100339415253
100339435261
100339455242
100339475262
100339495653
100339515713
100339536278
100339556499
100339577674
100339598432
100339619368
100339639260
100339659469
100339680199
100339700229
100339720131
100339740101
100339760108
100339779361
100339799390
100339820316
100339840386
100339861111
100339881286
100339902266
100339922354
100339942496
100339963154
100339983353
100340003387
100340022967
100340042269
100340062404
100340082464
100340102531
100340123176
100340143466
100340164111
100340183881
100340203222
100340224336
100340245260
100340265206
100340285219
100340305037
100340325419
100340346175
100340365318
100340384953
100340404937
100340425413
100340445324
100340465243
100340485123
100340506449
100340527208
100340548207
100340568987
100340589705
100340609076
100340628286
100340649173
