100019990297
100020010132
100020029124
100020048097
100020067404
100020087344
100020108605
100020129653
100020150435
100020171174
100020191354
100020211146
100020231616
100020252386
100020273422
100020294417
100020315558
100020336643
100020357543
100020378516
100020399661
100020420404
100020440489
100020461505
100020482285
100020503412
100020524236
100020545397
100020566312
100020587415
100020608211
100020628394
100020648283
100020669387
100020690078
100020709250
100020728887
100020748112
100020768148
100020788149
100020808115
100020828114
100020848273
100020869235
100020889284
100020909895
100020930116
100020949213
100020969506
100020989411
100021009001
100021028346
100021048418
100021068178
100021087213
100021107189
100021127026
100021146246
100021166132
100021185855
100021206010
100021225371
100021245273
100021266264
100021286003
100021305275
100021325246
100021346348
100021366209
100021385949
100021405960
100021425958
100021446146
100021466080
100021485953
100021505307
100021525056
100021545056
100021565140
100021585233
100021605264
100021625246
100021645343
100021665225
100021685055
100021705267
100021726104
100021747008
100021766940
100021787081
100021808094
100021828115
100021849074
100021869817
100021890060
100021910973
100021931874
100021951876
100021972073
100021992031
100022012052
100022032860
100022052809
100022073039
100022093042
100022112841
100022132006
100022151938
100022172005
100022192063
100022212239
100022232935
100022253072
100022273108
100022294123
100022315080
100022335129
100022355116
100022376249
100022397069
100022418085
100022439082
100022460142
100022480981
100022500948
100022521221
100022540800
100022561053
100022582100
100022602009
100022621991
100022641924
100022662930
100022682972
100022702974
100022722982
100022744179
100022765082
100022785811
100022805751
100022826094
100022846793
100022865874
100022885797
100022905878
100022925953
100022946923
100022968017
100022988999
100023010601
100023031049
100023052002
100023072981
100023094053
100023114849
100023135960
100023157189
100023177839
100023198928
100023219967
100023240960
100023260881
100023280810
100023300818
100023320988
100023341730
100023361688
100023381833
100023401765
100023421857
100023442838
100023462782
100023482908
100023502904
100023524015
100023544904
100023565714
100023585901
100023606910
100023627941
100023648707
100023669725
100023689760
100023710874
100023731816
100023752891
100023773820
100023793810
100023813865
100023834828
100023854578
100023874837
100023895804
100023916793
100023937807
100023958894
100023978734
100023999702
100024019564
100024039596
100024059728
100024079573
100024099778
100024120753
100024141869
100024162899
100024182773
100024202893
100024223760
100024243888
100024263716
100024283679
100024303761
100024323698
100024343399
100024364751
100024385686
100024405702
100024425700
100024445495
100024465412
100024484397
100024503456
100024523455
100024543762
100024564529
100024584506
100024605809
100024626646
100024647613
100024668756
100024689634
100024710590
100024731419
100024751544
100024772902
100024792591
100024812577
100024832575
100024853521
100024873647
100024894572
100024915588
100024936711
100024957589
100024978613
100024999784
100025020537
100025041545
100025061248
100025081137
100025101130
100025121027
100025140802
100025159798
100025178795
100025197788
100025216809
100025235770
100025255048
100025273860
100025292964
100025313147
100025332145
100025351163
100025370249
100025389240
100025408164
100025428125
100025448207
100025468352
100025488568
100025509540
100025530758
100025551621
100025572370
100025592525
100025613477
100025633498
100025653417
100025673611
100025694455
100025715559
100025736388
100025756388
100025777487
100025797656
100025818626
100025839596
100025860402
100025881423
100025902442
100025923463
100025944211
100025963200
100025982196
100026002613
100026023313
100026043485
100026064462
100026085378
100026105271
100026125124
100026145267
100026164124
100026183170
100026203106
100026223401
100026244417
100026265160
100026284377
100026305233
100026325194
100026345176
100026365213
100026385425
100026405324
100026425753
100026446120
100026465175
100026485204
100026504307
100026523973
100026543124
100026562443
100026583261
100026604379
100026625347
100026645192
100026663920
100026683113
100026703396
100026723186
100026743092
100026763230
100026782902
100026802896
100026822056
100026842064
100026862122
100026882005
100026901034
100026920012
100026939011
100026957956
100026976977
100026996035
100027016226
100027037158
100027058333
100027079249
100027100399
100027121179
100027141702
100027161159
100027182085
100027201983
100027221880
100027241032
100027261249
100027282215
100027303101
100027324329
100027345123
100027366223
100027387327
100027408094
100027428915
100027449208
100027469219
100027488927
100027508294
100027528232
100027548191
100027568017
100027587952
100027607982
100027627949
100027647801
100027666738
100027685787
100027704840
100027724812
100027744125
100027763859
100027784025
100027803939
100027822676
100027841921
100027861880
100027880843
100027899998
100027919968
100027940011
100027959990
100027979964
100027999818
100028020004
100028039993
100028060080
100028080011
100028100147
100028121078
100028140997
100028161101
100028181075
100028200908
100028222120
100028242956
100028263914
100028285132
100028306352
100028327128
100028347945
100028368851
100028389807
100028409704
100028429703
100028449689
100028469675
100028489864
100028509675
100028529679
100028549668
100028569866
100028589681
100028609826
100028629728
100028649797
100028669766
100028689637
100028709760
100028729618
100028749738
100028769978
100028790788
100028810733
100028830728
100028850826
100028871792
100028891800
100028911865
100028932907
100028953773
100028974908
100028995728
100029015704
100029035646
100029055664
100029075588
100029094572
100029113557
100029132552
100029151607
100029170483
100029189556
100029208444
100029227495
100029246536
100029265526
100029284538
100029303553
100029323654
100029343809
100029364001
100029383948
100029403806
100029423771
100029443834
100029463810
100029483577
100029502504
100029521495
100029540449
100029559547
100029579849
100029600688
100029620533
100029640585
100029660540
100029680444
100029702874
100029723866
100029744815
100029765713
100029786705
100029807537
100029827747
100029848726
100029869746
100029890441
100029911046
100029931914
100029952942
100029973978
100029994709
100030015722
100030036730
100030056624
100030076704
100030097684
100030117511
100030136480
100030156699
100030177609
100030197699
100030218682
100030239912
100030260860
100030281726
100030302708
100030323677
100030344537
100030364516
100030384569
100030404623
100030425578
100030445582
100030465576
100030485357
100030505742
100030526994
100030547790
100030567642
100030587465
100030607580
100030628731
100030648916
100030669568
100030690522
100030710779
100030730782
100030750712
100030770789
100030790762
100030811811
100030832631
100030853985
100030874357
100030894524
100030914491
100030935411
100030956475
100030976326
100030996332
100031016364
100031036470
100031056422
100031076376
100031096654
100031117409
100031137288
100031157327
100031177213
100031197304
100031217643
100031238448
100031258614
100031279523
100031300552
100031321570
100031342609
100031363330
100031383364
100031403363
100031423369
100031443250
100031464596
100031484181
100031503377
100031523577
100031543261
100031563419
100031583476
100031603237
100031622296
100031641386
100031661321
100031681464
100031702276
100031722336
100031742234
100031762186
100031781486
100031801482
100031822359
100031842574
100031863480
100031884349
100031905658
100031926681
100031947371
100031968520
100031989272
100032009166
100032029365
100032049313
100032069240
100032089348
100032109363
100032130393
100032150355
100032170505
100032190901
100032210376
100032230491
100032250554
100032270077
100032290598
100032311641
100032331506
100032352529
100032373355
100032393450
100032414526
100032434588
100032455559
100032476277
100032496432
100032517155
100032536038
100032555251
100032574954
100032595104
100032614274
100032635573
100032656430
100032676106
100032695480
100032715143
100032734984
100032755267
100032776333
100032796384
100032817454
100032838478
100032859337
100032880399
100032901024
100032921034
100032941082
100032961481
100032981274
100033002229
100033022262
100033042145
100033061033
100033081263
100033101270
100033122175
100033142113
100033161087
100033180344
100033200370
100033220329
100033240221
100033260321
100033280244
100033300320
100033320417
100033340252
100033361170
100033381233
100033401170
100033421245
100033442185
100033463406
100033482957
100033503135
100033523148
100033543072
100033561883
100033582269
100033602211
100033622386
100033642309
100033662147
100033682119
100033702350
100033722304
100033742118
100033763337
100033783267
100033803251
100033823220
100033844307
100033885322
100033906168
100033926115
100033946514
100033966114
100033987134
100034008295
100034029222
100034049949
100034070123
100034090129
100034111110
100034132158
100034153068
100034174069
100034195090
100034214965
100034234976
100034256186
100034276920
100034296849
100034316763
100034335778
100034354744
100034374752
100034393871
100034412926
100034432885
100034452861
100034472897
100034493793
100034513739
100034533821
100034552757
100034572827
100034593048
100034613022
100034633163
100034653080
100034673087
100034692980
100034712966
100034733009
100034754028
100034774023
100034794033
100034814042
100034834038
100034855051
100034874814
100034895036
100034915049
100034935110
100034954624
100034974793
100034994747
100035014550
100035034611
100035054636
100035075137
100035095970
100035117022
100035137975
100035158848
100035179718
100035199962
100035220858
100035241793
100035262014
100035283016
100035304063
100035324959
100035345059
100035366063
100035386964
100035408135
100035429076
100035450063
100035471227
100035490988
100035511968
100035531943
100035551951
100035572117
100035593016
100035613997
100035634875
100035656059
100035676820
100035697818
100035717845
100035737987
100035758027
100035778958
100035799835
100035820041
100035840014
100035859939
100035880754
100035902056
100035922966
100035943867
100035963828
100035984862
100036005900
100036026893
100036047833
100036069245
100036089773
100036109720
100036129924
100036149745
100036169961
100036189745
100036210729
100036230742
100036250900
100036271757
100036291676
100036311706
100036331515
100036351589
100036371627
100036391708
100036411942
100036432791
100036453617
100036473861
100036494751
100036514809
100036534841
100036554790
100036575841
100036596883
100036617724
100036637799
100036657888
100036677694
100036697780
100036718491
100036738629
100036759647
100036779715
100036799790
100036820693
100036841736
100036862602
100036882495
100036902530
100036922559
100036942578
100036963847
100036984701
100037005466
100037025562
100037045521
100037065459
100037085407
100037104735
100037124758
100037145395
100037165613
100037185537
100037206510
100037226534
100037247482
100037268481
100037289457
100037309756
100037330465
100037351646
100037373011
100037393567
100037414340
100037434560
100037455578
100037475463
100037496358
100037516241
100037536087
100037556143
100037576323
100037597020
100037616474
100037637488
100037658471
100037679567
100037700579
100037720641
100037741511
100037762396
100037782412
100037802625
100037823356
100037843658
100037864415
100037885476
100037906689
100037927968
100037948842
100037969579
100037990601
100038011625
100038032626
100038053609
100038073520
100038093503
100038114488
100038134522
100038154600
100038175704
100038196507
100038217483
100038238573
100038259669
100038280495
100038301383
100038321464
100038342573
100038363615
100038384564
100038405385
100038425487
100038446573
100038467370
100038488400
100038508274
100038528218
100038548124
100038568180
100038588276
100038608215
100038628222
100038648359
100038669364
100038690298
100038710220
100038730303
100038751402
100038772501
100038793318
100038813327
100038833060
100038853390
100038874501
100038895542
100038915343
100038935353
100038955232
100038974989
100038994260
100039014231
100039034410
100039055176
100039075110
100039095140
100039115158
100039135437
100039156252
100039176254
100039195940
100039216040
100039236283
100039257230
100039277219
100039298256
100039319383
100039340020
100039360272
100039380111
100039400107
100039420155
100039440173
100039460227
100039480164
100039500202
100039520220
100039540155
100039560162
100039580898
100039600967
100039621136
100039641020
100039659937
100039679966
100039698909
100039717906
100039737027
100039757075
100039776911
100039796102
100039817103
100039837027
100039857184
100039878176
100039899075
100039919099
100039938858
100039959022
100039978831
100039999094
100040019049
100040039532
100040059106
100040080031
100040100963
100040121053
100040141071
100040162228
100040181930
100040200799
100040220950
100040241165
100040260846
