095629269731
095629288741
095629307758
095629327737
095629347742
095629367689
095629387724
095629406658
095629426642
095629446983
095629466964
095629487049
095629507640
095629527700
095629547688
095629568180
095629589012
095629609093
095629629984
095629651078
095629672050
095629693643
095629713963
095629732870
095629752985
095629772891
095629792744
095629811786
095629830751
095629849659
095629869613
095629889751
095629909625
095629929645
095629949707
095629969615
095629989900
095630009872
095630028859
095630049139
095630069734
095630089941
095630109934
095630129940
095630149935
095630170764
095630190642
095630209672
095630228833
095630249034
095630268960
095630288746
095630308609
095630328647
095630348618
095630368743
095630388666
095630408976
095630428860
095630450017
095630471134
095630491720
095630511705
095630531802
095630551610
095630571862
095630592867
095630613823
095630634818
095630655834
095630676661
095630696790
095630716827
095630737661
095630757806
095630778137
095630797550
095630817485
095630837485
095630857503
095630877495
095630897595
095630917948
095630938566
095630958605
095630979733
095630999583
095631019499
095631039756
095631059745
095631080532
095631100695
095631121638
095631141555
095631161563
095631181521
095631201550
095631221360
095631241256
095631260262
095631279262
095631298263
095631317258
095631336237
095631355457
095631375429
095631395107
095631415382
095631435265
095631455165
095631474195
095631493405
095631513452
095631533452
095631553464
095631573522
095631593339
095631613445
095631633218
095631652162
095631671384
095631691384
095631711496
095631732362
095631752401
095631772418
095631792214
095631812194
095631832180
095631852256
095631872174
095631892581
095631913589
095631934380
095631955240
095631975125
095631995101
095632014018
095632032984
095632052068
095632070933
095632089955
095632110029
095632130051
095632149938
095632169941
095632188904
095632207996
095632228073
095632247209
095632267082
095632287002
095632307023
095632325860
095632345910
095632365840
095632384799
095632404051
095632424018
095632444179
095632464243
095632485173
095632505236
095632525015
095632545305
095632566338
095632587096
095632607101
095632626961
095632647227
095632668239
095632689135
095632709163
095632729190
095632749176
095632769947
095632790086
095632810315
095632831311
095632852173
095632873357
095632894198
095632914954
095632934843
095632954943
095632974849
095632994779
095633014785
095633034839
095633054769
095633073815
095633093681
095633113702
095633133776
095633152814
095633171938
095633192018
095633213041
095633233994
095633253975
095633273948
095633293850
095633313795
095633333935
095633353908
095633373700
095633392668
095633411723
095633430604
095633450925
095633470911
095633490827
095633510737
095633530767
095633550652
095633570639
095633589720
095633608609
095633627633
095633647597
095633667619
095633686900
095633706899
095633726896
095633746880
095633766875
095633786825
095633806863
095633826841
095633846834
095633867593
095633887578
095633906477
095633925445
095633944475
095633963720
095633983550
095634003913
095634024904
095634044383
095634063610
095634083562
095634103559
095634123413
095634143569
095634163522
095634183514
095634202778
095634222750
095634243860
095634264684
095634284716
095634304750
095634324771
095634344759
095634364765
095634384748
095634404715
095634424709
095634444699
095634464709
095634485675
095634506648
095634527552
095634547642
095634568543
095634588500
095634608483
095634628445
095634648679
095634668549
095634688392
095634708413
095634728441
095634748400
095634768411
095634788241
095634808356
095634828519
095634849238
095634868144
095634887230
095634907239
095634927225
095634946152
095634965188
095634985501
095635006490
095635027186
095635047313
095635067470
095635088303
095635108512
095635128485
095635148406
095635168398
095635188244
095635208415
095635229583
095635250371
095635271486
095635292424
095635313373
095635334354
095635354349
095635374347
095635394371
095635415407
095635436352
095635457191
095635477170
095635497396
095635518192
095635538222
095635557979
095635576920
095635597107
095635617018
095635636935
095635657011
095635676922
095635697155
095635717146
095635736879
095635757270
095635776971
095635797156
095635817154
095635837213
095635857193
095635877260
095635897212
095635917287
095635938153
095635958101
095635978108
095635999207
095636019164
095636039097
095636059151
095636079067
095636099157
095636120080
095636141217
095636161316
095636181994
095636201132
095636221128
095636241066
095636261152
095636281499
095636301143
095636320802
095636339901
095636358920
095636379102
095636400073
095636421013
095636442024
095636463053
095636484007
095636504715
095636525059
095636544781
095636564991
095636585965
095636605974
095636627051
095636647989
095636668958
095636689853
095636709886
095636729794
095636749935
095636769857
095636789935
095636809891
095636829848
095636849567
095636868966
095636888922
095636908818
095636929095
095636949065
095636968819
095636988987
095637008712
095637029881
095637050723
095637070892
095637091689
095637111724
095637131618
095637151575
095637171923
095637191950
095637212899
095637232700
095637253561
095637273566
095637293563
095637313532
095637333525
095637353531
095637373486
095637393498
095637413482
095637433617
095637453576
095637473862
095637494461
095637514444
095637534449
095637553333
095637573385
095637593287
095637613648
095637633347
095637653305
095637673280
095637693180
095637712641
095637733295
095637753317
095637773295
095637793233
095637812233
095637831234
095637850229
095637869185
095637889295
095637909208
095637929209
095637949227
095637969152
095637989244
095638009509
095638029386
095638049346
095638069690
095638090327
095638109456
095638129446
095638149447
095638169480
095638190476
095638211395
095638231484
095638252410
095638272383
095638292261
095638311588
095638332197
095638352160
095638372187
095638391173
095638410111
095638429126
095638448131
095638467055
095638486296
095638506150
095638526166
095638546352
095638566280
095638585137
095638604249
095638624329
095638644380
095638664322
095638683437
095638703171
095638722294
095638742370
095638763346
095638783030
095638802360
095638822352
095638842073
095638862103
095638881380
095638902296
095638922072
095638941087
095638960053
095638979030
095638998089
095639017218
095639036476
095639056239
095639076159
095639096054
095639116171
095639136219
095639157001
095639176026
095639195064
095639213985
095639232805
095639251909
095639272208
095639292188
095639312134
095639332013
095639350981
095639370831
095639390874
095639409819
095639429074
095639447786
095639466945
095639485853
095639504901
095639523997
095639543954
095639564091
095639584163
095639604780
095639624204
095639644834
095639664853
095639684933
095639704708
095639724634
095639743803
095639763811
095639783689
095639803744
095639823714
095639843730
095639863764
095639883986
095639904064
095639924747
095639943843
095639963762
095639984029
095640005005
095640025017
095640044745
095640065063
095640084937
095640104830
095640123811
095640142773
095640161600
095640180802
095640200037
095640219909
095640239929
095640260204
095640281053
095640302122
095640322978
095640343990
095640364938
095640385702
095640405710
095640425841
095640446694
095640465904
095640487069
095640507611
095640527669
095640547572
095640567702
095640587835
095640607497
095640627601
095640646518
095640666426
095640685451
095640704471
095640723461
095640742425
095640762493
095640782490
095640801434
095640820428
095640846443
095640866292
095640886080
095640906601
095640925283
095640944549
095640963491
095640983476
095641003145
095641023459
095641043477
095641063398
095641083520
095641103661
095641123484
095641143518
095641163690
095641183695
095641204662
095641224443
095641244451
095641264451
095641284418
095641304670
095641325649
095641345629
095641366616
095641386589
095641406550
095641426391
095641445754
095641466429
095641485321
095641504687
095641524687
095641544414
095641564659
095641584611
095641605615
095641625713
095641645460
095641665275
095641684269
095641704498
095641724470
095641744460
095641765321
095641784334
095641804532
095641825515
095641846440
095641866472
095641886393
095641906465
095641926449
095641946384
095641966515
095641986306
095642006267
095642026166
095642046300
095642065572
095642085553
095642105582
095642126428
095642146362
095642166527
095642187516
095642207387
095642227518
095642247514
095642268508
095642288400
095642309218
095642329419
095642349444
095642369324
095642389439
095642409306
095642429432
095642450104
095642470138
095642490570
095642511948
095642532617
095642553459
095642574376
095642595371
095642616440
095642637070
095642657044
095642676105
095642694905
095642714282
095642734417
095642754341
095642774317
095642794365
095642814224
095642834196
095642854153
095642874078
095642894153
095642914162
095642934070
095642954223
095642975061
095643008426
095643029005
095643048909
095643068914
095643089089
095643109235
095643130002
095643149948
095643168785
095643189133
095643209006
095643229224
095643249971
095643270223
095643291368
095643311135
095643331164
095643351909
095643372046
095643392019
095643410698
095643429693
095643449816
095643469746
095643489723
095643508829
095643529040
095643548710
095643570310
095643590900
095643610725
095643630782
095643650723
095643670753
095643689612
095643709104
095643729306
095643749772
095643769692
095643788699
095643808674
095643827985
095643847973
095643868520
095643887876
095643907852
095643927858
095643948035
095643967962
095643987925
095644007850
095644027853
095644047971
095644067978
095644087875
095644107734
095644127807
095644147765
095644167613
095644187657
095644208719
095644229701
095644248641
095644267784
095644287801
095644308097
095644328730
095644348594
095644368583
095644388588
095644407635
095644427774
095644447690
095644467649
095644486358
095644507853
095644528782
095644549719
095644570631
095644590641
095644610600
095644629653
095644649735
095644669695
095644689400
095644708425
095644727348
095644746301
095644765363
095644784523
095644804560
095644824585
095644844278
095644864365
095644883448
095644903506
095644923407
095644943425
095644963372
095644982589
095645003532
095645024390
095645044365
095645064049
095645083678
095645103587
095645123701
095645143583
095645163499
095645183655
095645204345
095645225458
095645244267
095645263246
095645283332
095645302222
095645322550
095645342535
095645362133
095645381239
095645400186
095645419203
095645439605
095645460395
095645480480
095645500562
095645521484
095645541206
095645560096
095645579385
095645599527
095645619545
095645639521
095645660632
095645681557
095645701668
095645722248
095645742543
095645763530
095645784319
095645804157
095645824492
095645844453
095645865478
095645886496
095645906380
095645926373
095645946393
095645966979
095645986080
095646005011
095646024056
095646042997
095646061997
095646080964
095646100405
095646121406
095646142513
095646163028
095646183155
095646202921
095646222979
095646242992
095646262960
095646282189
095646302227
095646322107
095646342163
095646362245
095646382232
095646402207
095646421941
095646441014
095646460850
095646479882
095646498939
095646518854
095646538805
095646558851
095646577840
095646596847
095646616883
095646636829
095646656787
095646677286
095646697778
095646717725
095646737776
095646757837
095646777711
095646797847
095646817803
095646837993
095646857837
095646876801
095646895709
095646914746
095646933680
095646953705
095646972631
095646992699
095647012777
095647032708
095647052708
095647072695
095647093107
095647113752
095647133668
095647153675
095647173717
095647193691
095647214867
095647234968
095647255024
095647275714
095647295950
095647316847
095647336889
095647357858
095647377875
095647397720
095647417713
095647436870
095647456767
095647476981
095647497956
095647518690
095647538676
095647557737
095647577617
095647597670
095647617910
095647638734
095647658721
095647678505
095647698663
095647718820
095647738795
095647758648
095647778769
095647798753
095647818737
095647838516
095647857910
095647877694
095647896541
095647915608
095647935563
095647955542
095647975558
095647995830
095648015956
095648036687
095648056755
095648076730
095648097004
095648117900
095648138534
095648158450
095648178345
095648197285
095648216367
095648235589
095648255335
095648274247
095648294304
095648313306
095648332278
095648351342
095648370304
095648390464
095648410622
095648430520
095648449524
095648469699
095648489709
095648510337
095648530730
095648550709
095648570591
095648590320
095648609541
095648629536
095648649526
095648669595
095648689461
095648709540
095648730372
095648750301
095648770220
095648790209
095648810228
095648830336
095648850312
095648870369
095648890209
095648909380
095648929491
095648949491
095648969454
095648989462
095649009404
095649029076
095649048456
095649068333
095649088421
095649108036
095649128252
095649149193
095649167994
095649188162
095649208819
095649228852
095649247778
