095810845819
095810865064
095810885043
095810905103
095810924980
095810944856
095810964863
095810984930
095811004909
095811024905
095811044958
095811064641
095811084016
095811103910
095811123945
095811143906
095811162603
095811181844
095811201966
095811222897
095811243072
095811263988
095811285039
095811305679
095811326178
095811345919
095811365988
095811385673
095811405661
095811425529
095811445692
095811465802
095811486016
095811506141
095811527174
095811547974
095811568795
095811588851
095811609881
095811629857
095811649695
095811668970
095811689748
095811710010
095811730892
095811751926
095811772939
095811793873
095811814843
095811836084
095811857059
095811877734
095811897721
095811917792
095811938731
095811958672
095811977624
095811997769
095812017720
095812037742
095812057493
095812077669
095812097763
095812117882
095812138772
095812158719
095812179776
095812199669
095812219501
095812239515
095812259825
095812279809
095812299844
095812319805
095812340697
095812360704
095812380357
095812400520
095812420678
095812440731
095812461641
095812482404
095812502785
095812523758
095812544605
095812565344
095812585726
095812606583
095812626403
095812645592
095812666658
095812687335
095812707330
095812726174
095812746267
095812766242
095812786531
095812806613
095812826670
095812846464
095812867269
095812887206
095812907699
095812928643
095812949632
095812970734
095812991530
095813012440
095813032482
095813053392
095813074487
095813094262
095813114511
095813134519
095813154435
095813174403
095813194377
095813214441
095813235426
095813256631
095813277505
095813298481
095813318209
095813338479
095813359637
095813380193
095813400352
095813421303
095813441293
095813461103
095813480242
095813500353
095813521324
095813542301
095813562175
095813582285
095813602112
095813622340
095813642138
095813661169
095813680368
095813700069
095813719166
095813738158
095813758243
095813779375
095813800157
095813818921
095813837829
095813857176
095813877191
095813897211
095813918319
095813939343
095813960315
095813980267
095814000250
095814020231
095814040212
095814061260
095814082177
095814101936
095814122288
095814142014
095814162021
095814181834
095814201141
095814221932
095814241851
095814261874
095814281910
095814301878
095814321792
095814341766
095814361789
095814380833
095814400919
095814420851
095814440834
095814460846
095814480984
095814501133
095814521141
095814541050
095814560946
095814580827
095814600766
095814619847
095814639125
095814660082
095814680054
095814700042
095814720015
095814740922
095814760807
095814781041
095814800819
095814821082
095814841717
095814861905
095814882731
095814902612
095814922887
095814942724
095814962050
095814981981
095815002971
095815024137
095815044984
095815065996
095815087095
095815108183
095815129030
095815149995
095815170820
095815190749
095815210666
095815229670
095815249749
095815270022
095815289608
095815308525
095815328701
095815348766
095815368712
095815388614
095815408793
095815428603
095815448591
095815468458
095815487856
095815507991
095815527679
095815547737
095815567944
095815588850
095815609724
095815629727
095815649617
095815668745
095815688530
095815707589
095815727825
095815747643
095815767456
095815787525
095815807474
095815827919
095815847812
095815867843
095815887530
095815907633
095815927600
095815947477
095815967479
095815987475
095816007455
095816026442
095816046760
095816067735
095816088700
095816108380
095816127698
095816147597
095816167424
095816186589
095816206545
095816225587
095816245658
095816265574
095816285554
095816304551
095816324376
095816343580
095816363611
095816383673
095816403560
095816424323
095816444757
095816465681
095816486689
095816507636
095816528507
095816548323
095816568255
095816587519
095816607490
095816627494
095816647511
095816667415
095816687558
095816708402
095816728487
095816748465
095816768460
095816788414
095816808537
095816828488
095816848437
095816868203
095816888301
095816908319
095816928250
095816948210
095816968091
095816988253
095817008279
095817028246
095817047251
095817067500
095817088371
095817108353
095817128216
095817148092
095817168223
095817188178
095817208159
095817227329
095817247380
095817267200
095817286283
095817306307
095817326287
095817345255
095817364471
095817384391
095817404208
095817424466
095817444593
095817465555
095817486362
095817507363
095817527411
095817547350
095817567360
095817587334
095817607387
095817627392
095817646948
095817665955
095817685053
095817705183
095817725345
095817745360
095817765044
095817785305
095817805285
095817825023
095817843933
095817862991
095817882973
095817902095
095817923148
095817942859
095817961654
095817981964
095818002203
095818021782
095818041788
095818061923
095818080740
095818100732
095818120690
095818140926
095818159805
095818178752
095818198699
095818218716
095818239340
095818259086
095818279099
095818299025
095818318898
095818338817
095818358754
095818378821
095818398767
095818418715
095818438731
095818458673
095818478678
095818498698
095818518777
095818539007
095818558705
095818578650
095818598591
095818618596
095818638516
095818658625
095818677556
095818696581
095818715647
095818734630
095818753886
095818773867
095818793890
095818813811
095818833615
095818852648
095818872644
095818892662
095818912655
095818932580
095818951676
095818970561
095818989612
095819009856
095819029585
095819049887
095819069830
095819089815
095819109822
095819130181
095819149810
095819169718
095819188634
095819207854
095819227938
095819247929
095819268523
095819287866
095819307821
095819328088
095819348576
095819367492
095819387528
095819407565
095819427598
095819447607
095819467715
095819487728
095819507538
095819526350
095819545440
095819565446
095819585752
095819606790
095819627862
095819647626
095819667364
095819686339
095819706346
095819725327
095819744302
095819763342
095819782417
095819801350
095819820457
095819839412
095819859405
095819878615
095819898594
095819918533
095819938558
095819958446
095819978300
095819998307
095820017306
095820036287
095820055343
095820074241
095820094286
095820114144
095820134118
095820154319
095820173462
095820193460
095820213247
095820232456
095820252586
095820273515
095820294521
095820315549
095820336561
095820357541
095820378549
095820399408
095820418136
095820437110
095820456127
095820476241
095820495132
095820515128
095820534134
095820553142
095820573137
095820593076
095820613115
095820633158
095820653187
095820673464
095820694389
095820714377
095820735417
095820756225
095820776140
095820795470
095820815374
095820836476
095820857428
095820878367
095820899330
095820919436
095820939435
095820959428
095820980230
095821000138
095821020085
095821040133
095821059526
095821079215
095821098654
095821118279
095821138269
095821158259
095821178308
095821198257
095821218196
095821237320
095821257360
095821277363
095821297380
095821317335
095821337189
095821356503
095821376200
095821395093
095821414048
095821433925
095821452920
095821472157
095821492033
095821510809
095821529845
095821548776
095821569017
095821588759
095821608960
095821627738
095821647726
095821666923
095821685953
095821705864
095821724930
095821744001
095821762845
095821781939
095821800889
095821819970
095821838880
095821857960
095821876928
095821896924
095821916820
095821937113
095821957152
095821977103
095821997132
095822016944
095822036872
095822057130
095822078057
095822098130
095822117915
095822136788
095822155789
095822174717
095822193732
095822212675
095822232667
095822252732
095822272777
095822292605
095822312656
095822332693
095822352719
095822372716
095822392623
095822412687
095822432806
095822452676
095822472803
095822492975
095822513037
095822534013
095822554001
095822573893
095822594009
095822613811
095822632791
095822652839
095822672925
095822692964
095822712852
095822733773
095822753832
095822773828
095822793838
095822813820
095822833799
095822853762
095822873812
095822893554
095822912818
095822932657
095822952545
095822972531
095822992537
095823012518
095823031534
095823051698
095823071571
095823091628
095823111465
095823131505
095823150673
095823170777
095823191891
095823212820
095823233685
095823253516
095823273586
095823293668
095823313641
095823334725
095823355699
095823375872
095823395790
095823415581
095823435727
095823456539
095823476552
095823495465
095823514453
095823534963
095823554522
095823573704
095823593697
095823613673
095823633678
095823653327
095823673420
095823694829
095823715695
095823736425
095823755530
095823775433
095823795418
095823814485
095823834273
095823854322
095823874292
095823893292
095823912296
095823931407
095823951410
095823971415
095823991386
095824011508
095824032284
095824052550
095824072144
095824092118
095824112113
095824132170
095824151577
095824172291
095824192122
095824212144
095824232145
095824251456
095824271518
095824291390
095824311668
095824332353
095824352341
095824371475
095824392238
095824412240
095824432457
095824452374
095824472632
095824492398
095824512350
095824532495
095824566581
095824586736
095824606312
095824626413
095824647427
095824668085
095824687137
095824707066
095824727053
095824745995
095824765149
095824784953
095824803997
095824822988
095824842058
095824862038
095824880929
095824900412
095824921063
095824941085
095824961173
095824981384
095825001136
095825020123
095825038947
095825058279
095825079415
095825100282
095825121460
095825141907
095825161925
095825181903
095825201935
095825221836
095825242006
095825261186
095825281406
095825301054
095825320772
095825339985
095825360341
095825380170
095825400049
095825419993
095825439921
095825460114
095825480971
095825501100
095825521203
095825542224
095825563134
095825584124
095825603862
095825622797
095825643033
095825663118
095825682988
095825703011
095825724133
095825743621
095825762841
095825783103
095825804031
095825823777
095825844115
095825864884
095825884969
095825906099
095825926670
095825946865
095825966880
095825986774
095826006665
095826026858
095826046853
095826067050
095826086664
095826106021
095826125972
095826146136
095826166345
095826185985
095826205869
095826226176
095826245835
095826265804
095826285787
095826305563
095826324720
095826344484
095826364501
095826383526
095826403514
095826423513
095826443710
095826462749
095826483639
095826502581
095826522591
095826542850
095826563720
095826583627
095826603559
095826623544
095826643589
095826663714
095826683541
095826703629
095826722793
095826742864
095826763834
095826784657
095826804632
095826825889
095826845916
095826865839
095826886851
095826907784
095826928869
095826949819
095826969631
095826989822
095827010858
095827031821
095827052828
095827073668
095827094631
095827114690
095827134508
095827154561
095827174525
095827194536
095827214735
095827234367
095827253404
095827272305
095827291384
095827310363
095827329352
095827349435
095827368398
095827387444
095827407512
095827427479
095827447769
095827467775
095827488632
095827508824
095827529464
095827549534
095827568587
095827588480
095827608419
095827628383
095827648325
095827668444
095827688240
095827707684
095827727565
095827747623
095827768630
095827789773
095827810816
095827831750
095827852837
095827873528
095827894344
095827913504
095827933412
095827953462
095827973171
095827992326
095828012351
095828032397
095828052565
095828073510
095828094398
095828114505
095828134304
095828154434
095828174412
095828194411
095828214428
095828235415
095828255369
095828275391
095828296379
095828317479
095828338282
095828358440
095828378442
095828398337
095828418394
095828439350
095828459213
095828479585
095828499504
095828519400
095828539446
095828559400
095828579263
095828599265
095828620367
095828640270
095828660000
095828680154
095828700175
095828720499
095828741125
095828761220
095828780983
095828800372
095828821258
095828842277
095828861927
095828880952
095828899872
095828918840
095828937815
095828956720
095828976180
095828996088
095829014942
095829033909
095829052673
095829072933
095829092969
095829112004
095829131791
095829151746
095829171729
095829191934
095829210872
095829230204
095829250004
095829270041
095829288889
095829308314
095829328845
095829347822
095829367902
095829386802
095829405811
095829424768
095829443864
095829463909
095829484037
095829503856
095829523812
095829544040
095829564873
095829585003
095829604647
095829625168
095829646098
095829665910
095829685704
095829705816
095829724982
095829744984
095829765076
095829784970
095829804942
095829824946
095829844895
095829864981
095829885065
095829905062
095829925058
095829945073
095829966027
095829986978
095830007976
095830028922
095830049846
095830069892
095830090931
095830111910
095830131705
095830151897
095830171817
095830191887
095830211705
095830230901
095830250903
095830270968
095830291998
095830313021
095830333882
095830353931
095830373870
095830393835
095830413838
095830433770
095830453612
095830472688
095830492072
095830511832
095830531746
095830551900
095830571719
095830591966
095830612611
095830632741
095830653703
095830675170
095830694736
095830713569
095830733745
095830753664
095830773768
095830793691
095830813659
095830833596
