100531104426
100531124785
100531144799
100531165704
100531186819
100531207788
100531228780
100531249839
100531270790
100531291792
100531312848
100531333591
100531354569
100531375167
100531395649
100531416621
100531436606
100531456535
100531477879
100531498583
100531519518
100531539547
100531559515
100531579631
100531600209
100531620708
100531641668
100531661799
100531683323
100531703521
100531724472
100531744440
100531765466
100531785462
100531806477
100531826625
100531847523
100531868594
100531889588
100531910557
100531931444
100531951845
100531971514
100531992484
100532012375
100532031547
100532051489
100532071460
100532091326
100532111405
100532131460
100532151422
100532171391
100532191337
100532210393
100532230575
100532251364
100532271690
100532292577
100532313763
100532333654
100532353866
100532373583
100532393670
100532414647
100532435590
100532456486
100532476645
100532496634
100532517648
100532538424
100532558640
100532578522
100532598569
100532618590
100532638539
100532659728
100532680712
100532701684
100532722588
100532743541
100532763523
100532784446
100532804509
100532824521
100532844505
100532864486
100532885752
100532906746
100532926421
100532946341
100532966341
100532986259
100533006178
100533026342
100533046291
100533066264
100533086353
100533106285
100533126339
100533146191
100533166196
100533186275
100533206235
100533226208
100533245329
100533265289
100533285313
100533305413
100533326361
100533346387
100533366320
100533386291
100533406291
100533426191
100533446204
100533466275
100533486317
100533507271
100533527491
100533547437
100533567228
100533587420
100533607365
100533627380
100533648537
100533669284
100533690329
100533710441
100533730364
100533751100
100533771381
100533792214
100533812241
100533832404
100533853311
100533873149
100533893016
100533913115
100533933045
100533952080
100533971021
100533990985
100534011070
100534029861
100534050082
100534070341
100534091297
100534112033
100534130926
100534149819
100534168834
100534187999
100534207071
100534227148
100534246974
100534267019
100534287110
100534307128
100534327098
100534346979
100534367065
100534387086
100534406870
100534426954
100534446810
100534466022
100534484968
100534503948
100534523113
100534543263
100534563226
100534583033
100534602201
100534622160
100534642434
100534663426
100534684235
100534703854
100534723251
100534743061
100534763033
100534783100
100534803138
100534823147
100534844064
100534864190
100534883985
100534904272
100534924553
100534943865
100534963048
100534982349
100535003010
100535023026
100535043184
100535062952
100535083094
100535103116
100535123148
100535143104
100535163087
100535183079
100535202985
100535222956
100535242926
100535262962
100535283317
100535304112
100535324306
100535345311
100535366047
100535387128
100535406932
100535427290
100535447287
100535467190
100535487018
100535507251
100535527131
100535548130
100535569148
100535589284
100535609108
100535629270
100535649257
100535668924
100535688972
100535708914
100535728984
100535748933
100535769036
100535790017
100535809985
100535829972
100535849909
100535871126
100535892209
100535913013
100535932710
100535952969
100535973562
100535992809
100536013003
100536033791
100536052809
100536072876
100536092843
100536112749
100536132920
100536152947
100536173047
100536193763
100536213983
100536235111
100536256043
100536276964
100536297123
100536317959
100536337929
100536357928
100536377677
100536398047
100536418794
100536438813
100536459152
100536479115
100536500240
100536520161
100536540195
100536560182
100536580159
100536600983
100536622264
100536643145
100536664210
100536685188
100536706220
100536727102
100536747094
100536767868
100536787729
100536808071
100536829126
100536850185
100536870992
100536891987
100536912991
100536933937
100536954878
100536975934
100536995924
100537016011
100537035685
100537055710
100537075690
100537096286
100537115984
100537136848
100537156861
100537177030
100537197112
100537216870
100537236955
100537256978
100537278098
100537297997
100537318150
100537337967
100537358122
100537378088
100537398183
100537417869
100537438062
100537458015
100537478811
100537498682
100537519121
100537539099
100537559049
100537579062
100537599030
100537619083
100537639123
100537659108
100537679048
100537699001
100537719066
100537739024
100537759019
100537778851
100537799091
100537818889
100537838788
100537858825
100537878893
100537899010
100537919841
100537939668
100537958639
100537978859
100537998938
100538018836
100538039857
100538059816
100538079711
100538099676
100538119792
100538141266
100538160868
100538180875
100538200843
100538221765
100538241778
100538261756
100538281943
100538302846
100538323792
100538343551
100538363426
100538383663
100538403836
100538423920
100538443951
100538463896
100538485114
100538506074
100538527032
100538547761
100538568894
100538589867
100538610820
100538631821
100538652839
100538673901
100538694841
100538715871
100538736811
100538757990
100538778860
100538799988
100538820976
100538841821
100538862943
100538883992
100538904866
100538925850
100538946963
100538967808
100538988798
100539008799
100539028786
100539049252
100539068698
100539089808
100539110808
100539130954
100539150887
100539171810
100539192728
100539213780
100539234001
100539254701
100539274861
100539295585
100539315512
100539335758
100539355794
100539375703
100539395610
100539414609
100539433670
100539453578
100539473722
100539494667
100539515731
100539536736
100539556683
100539576689
100539596738
100539617625
100539637649
100539657645
100539677698
100539698661
100539719692
100539740682
100539761612
100539781909
100539802534
100539822669
100539843558
100539863686
100539884641
100539904675
100539925880
100539946645
100539966667
100539987573
100540007358
100540027406
100540047500
100540067376
100540087530
100540107376
100540127617
100540148556
100540169622
100540190407
100540210598
100540231304
100540251288
100540270611
100540291713
100540312546
100540332383
100540352352
100540371356
100540390368
100540410368
100540430323
100540450594
100540471494
100540491502
100540512386
100540533684
100540554582
100540574252
100540594486
100540614430
100540634619
100540655634
100540676551
100540697601
100540717507
100540738726
100540759612
100540780695
100540801714
100540822542
100540843657
100540864538
100540885450
100540906417
100540926329
100540946409
100540966493
100540986471
100541006478
100541027417
100541047409
100541067306
100541087332
100541107337
100541128647
100541149645
100541170527
100541191451
100541212347
100541232362
100541252293
100541272260
100541292338
100541313583
100541334576
100541355568
100541376533
100541397517
100541418536
100541439549
100541460543
100541481330
100541502465
100541523437
100541544140
100541565582
100541585443
100541605432
100541625356
100541645690
100541665629
100541686559
100541707479
100541728498
100541749475
100541770153
100541790186
100541810189
100541830192
100541850150
100541870133
100541889139
100541908112
100541927088
100541947150
100541967098
100541987059
100542007154
100542027098
100542047104
100542066048
100542085102
100542104129
100542123096
100542142095
100542161066
100542180054
100542199059
100542219094
100542238057
100542258122
100542278012
100542297256
100542317467
100542338345
100542359124
100542379279
100542399444
100542420396
100542441482
100542462458
100542483369
100542504518
100542525550
100542546350
100542567500
100542588462
100542609295
100542629006
100542649281
100542670127
100542690377
100542711213
100542731995
100542752283
100542772109
100542792187
100542813153
100542833043
100542853438
100542874351
100542895326
100542916353
100542936242
100542957262
100542977048
100542997182
100543018288
100543038258
100543059019
100543079155
100543100156
100543120972
100543139878
100543159275
100543179003
100543199215
100543219234
100543240055
100543260326
100543281033
100543301079
100543321093
100543341025
100543361101
100543380973
100543400855
100543419889
100543438924
100543457926
100543477973
100543497919
100543518339
100543539207
100543560138
100543581308
100543602369
100543623306
100543644240
100543665158
100543686188
100543707247
100543728002
100543747949
100543767962
100543788874
100543808786
100543828894
100543848738
100543868755
100543888781
100543908020
100543928040
100543948031
100543968041
100543987991
100544008028
100544029069
100544050391
100544071190
100544092165
100544112094
100544133008
100544152931
100544174143
100544194148
100544214978
100544235216
100544255882
100544276008
100544296065
100544316108
100544335892
100544356140
100544375968
100544396016
100544416079
100544436008
100544455845
100544475938
100544496903
100544516916
100544537003
100544557949
100544578953
100544599984
100544621134
100544642119
100544663108
100544684093
100544705132
100544725869
100544745888
100544765896
100544785891
100544805934
100544826847
100544846790
100544867128
100544887797
100544908908
100544929846
100544949769
100544969769
100544990089
100545010678
100545051089
100545071746
100545091752
100545111691
100545131642
100545152008
100545171994
100545193017
100545212948
100545232940
100545252829
100545272914
100545292930
100545312588
100545332564
100545351855
100545371783
100545392833
100545412780
100545432780
100545453130
100545473888
100545494721
100545513814
100545534981
100545555922
100545577085
100545596725
100545618161
100545638545
100545658868
100545679848
100545700524
100545719580
100545739619
100545759598
100545779663
100545799557
100545819615
100545839520
100545859674
100545879587
100545899612
100545919596
100545938752
100545959022
100545979751
100546000602
100546020707
100546040618
100546060394
100546080391
100546099461
100546118532
100546143675
100546163526
100546183801
100546203824
100546224955
100546245927
100546266759
100546287658
100546307581
100546327776
100546347582
100546367774
100546388626
100546408637
100546428587
100546448642
100546468589
100546488533
100546507561
100546527444
100546547573
100546567829
100546588653
100546608388
100546628462
100546648645
100546669426
100546689728
100546710533
100546730656
100546750460
100546770728
100546790682
100546811730
100546832566
100546852456
100546871247
100546890173
100546909189
100546929412
100546949392
100546969135
100546988153
100547008187
100547028202
100547047132
100547067158
100547087202
100547107196
100547126395
100547146152
100547165579
100547185021
100547203902
100547222898
100547241826
100547260864
100547280915
100547300936
100547320894
100547340860
100547359812
100547378871
100547397913
100547417819
100547436796
100547455890
100547475860
100547494937
100547514163
100547534163
100547554125
100547573021
100547593028
100547611945
100547631987
100547652022
100547671291
100547690577
100547710247
100547730344
100547750392
100547775311
100547795702
100547816495
100547836515
100547856437
100547876523
100547897624
100547918427
100547938689
100547959429
100547979345
100547999608
100548019711
100548040534
100548061544
100548082535
100548102443
100548122407
100548142485
100548163433
100548183264
100548203222
100548223399
100548243426
100548263468
100548283764
100548304263
100548323466
100548342492
100548363184
100548383360
100548403483
100548423484
100548443279
100548463308
100548483884
100548504620
100548525399
100548545576
100548566448
100548586298
100548606452
100548626711
100548647205
100548667202
100548687170
100548706956
100548725780
100548744856
100548764774
100548783785
100548802720
100548822361
100548840734
100548859911
100548880042
100548899966
100548919859
100548939957
100548960151
100548980067
100548999910
100549018839
100549038849
100549058871
100549078790
100549098770
100549118726
100549137783
100549157824
100549176865
100549201744
100549220713
100549239758
100549259760
100549278718
100549297720
100549316758
100549335794
100549354723
100549373754
100549398259
100549416827
100549436876
100549455830
100549475907
100549496218
100549515154
100549535286
100549555475
100549575332
100549596509
100549617271
100549636111
100549655009
100549675394
100549696714
100549717829
100549737894
100549757153
100549777173
100549796997
100549816862
100549836277
100549856429
100549876245
100549896384
100549916186
100549936801
100549957328
100549978149
100549997793
100550016886
100550036932
100550055877
100550075839
100550095816
100550115823
100550134793
100550153903
100550173865
100550193986
100550214128
100550233135
100550253314
100550273481
100550293265
100550313441
100550334408
100550354391
100550374444
100550394385
100550414332
100550434267
100550454241
100550474250
100550494457
100550515379
100550536406
100550557374
100550578327
100550598371
100550619252
100550639394
100550660187
100550680505
100550701572
100550721428
100550742490
100550763241
100550782151
100550802154
100550822238
100550842336
100550862423
100550883210
100550903083
100550922195
100550942192
100550961334
100550981327
100551001328
100551021137
100551041471
100551062440
100551082513
100551102513
100551122513
100551143197
100551163221
100551183518
100551204709
100551225584
100551246268
100551267249
100551287260
100551308337
100551328152
