100211446940
100211467823
100211487797
100211507815
100211527797
100211547777
100211567792
100211586769
100211605776
100211624882
100211644929
100211666021
100211686911
100211707841
100211727715
100211747661
100211766401
100211785484
100211805531
100211825915
100211846925
100211867928
100211888472
100211908803
100211929663
100211949809
100211970651
100211990806
100212011841
100212032789
100212053783
100212074799
100212095883
100212116715
100212137868
100212158783
100212179841
100212200027
100212220914
100212241776
100212261775
100212281746
100212301676
100212321508
100212340507
100212359565
100212379521
100212399579
100212419689
100212439482
100212459700
100212479620
100212499476
100212518639
100212538798
100212559513
100212579643
100212599549
100212619422
100212638711
100212659736
100212680726
100212700766
100212720539
100212739714
100212759757
100212779573
100212799696
100212819551
100212839713
100212859705
100212879736
100212899581
100212919736
100212939450
100212959468
100212980821
100213000602
100213021704
100213041778
100213062691
100213082766
100213103311
100213123772
100213143810
100213163805
100213184679
100213205375
100213225545
100213246715
100213267768
100213288629
100213309268
100213328591
100213349427
100213369635
100213390563
100213411177
100213431364
100213451439
100213471256
100213490426
100213510280
100213530278
100213550436
100213570185
100213590500
100213610223
100213629199
100213648146
100213667121
100213687475
100213708195
100213728058
100213748215
100213768438
100213789428
100213810399
100213831164
100213851236
100213871082
100213891453
100213912208
100213932453
100213953370
100213973345
100213993152
100214016226
100214035983
100214054852
100214073822
100214094164
100214113911
100214133601
100214152935
100214171939
100214191775
100214211856
100214231396
100214252076
100214271255
100214292308
100214312031
100214332073
100214352030
100214371231
100214391060
100214410304
100214430991
100214450480
100214470371
100214490376
100214511161
100214531338
100214551382
100214571401
100214591065
100214611323
100214632416
100214653356
100214673395
100214693364
100214713382
100214733381
100214753136
100214773382
100214794404
100214814056
100214832916
100214852124
100214872358
100214892178
100214912400
100214932404
100214953163
100214972944
100214993049
100215012912
100215033449
100215053318
100215074476
100215094254
100215114121
100215133148
100215152149
100215172307
100215193220
100215213307
100215232928
100215253438
100215274279
100215295171
100215316124
100215336284
100215356084
100215376264
100215397039
100215417423
100215437167
100215457265
100215477362
100215498221
100215519316
100215540338
100215561260
100215582108
100215601994
100215622033
100215642128
100215661943
100215682044
100215703053
100215724212
100215745201
100215766193
100215786978
100215805897
100215824875
100215844129
100215864017
100215882975
100215902003
100215920939
100215940665
100215959945
100215980030
100215999858
100216019823
100216038966
100216058879
100216079036
100216099007
100216118841
100216139245
100216160301
100216181183
100216201227
100216222247
100216243193
100216264279
100216285265
100216307870
100216328119
100216349148
100216370150
100216391259
100216412192
100216433035
100216454062
100216475048
100216496183
100216516899
100216537067
100216558012
100216578979
100216599206
100216619025
100216639158
100216659813
100216679793
100216699822
100216719810
100216739780
100216759797
100216779808
100216799755
100216819088
100216840275
100216860036
100216880020
100216899965
100216919877
100216940050
100216960013
100216980029
100217000000
100217020001
100217039929
100217060898
100217081863
100217101813
100217122163
100217143110
100217163929
100217185342
100217206062
100217227148
100217248120
100217269055
100217290018
100217311227
100217332318
100217351934
100217371846
100217391771
100217412007
100217432974
100217453032
100217473959
100217494865
100217514858
100217534879
100217555080
100217575131
100217596062
100217616961
100217637982
100217658922
100217678886
100217699815
100217719874
100217739876
100217759701
100217779981
100217800976
100217821980
100217842789
100217862743
100217882754
100217903738
100217923701
100217943726
100217963575
100217982622
100218002644
100218022603
100218042585
100218062691
100218082753
100218103801
100218124729
100218145763
100218166711
100218187998
100218209086
100218229498
100218249443
100218269321
100218288912
100218308783
100218328889
100218348522
100218367878
100218389036
100218409728
100218429614
100218449463
100218469875
100218490946
100218512048
100218533038
100218553938
100218573935
100218595009
100218615866
100218635983
100218656910
100218677691
100218697597
100218717736
100218737790
100218758803
100218779877
100218800807
100218821877
100218842911
100218863656
100218884769
100218905686
100218926779
100218947739
100218968965
100218989721
100219010801
100219030971
100219051974
100219072743
100219093507
100219113661
100219133854
100219153895
100219173641
100219193585
100219213748
100219233725
100219254808
100219275789
100219295843
100219315701
100219335781
100219356546
100219377740
100219398923
100219419618
100219440520
100219460651
100219481510
100219501792
100219522851
100219544019
100219564522
100219584580
100219604453
100219624381
100219643496
100219663479
100219683501
100219703420
100219722335
100219741365
100219760389
100219779458
100219799406
100219818400
100219837365
100219856377
100219875432
100219895520
100219915717
100219935625
100219956864
100219976568
100219996686
100220016603
100220036592
100220057674
100220078668
100220098515
100220118416
100220138607
100220158834
100220179615
100220199538
100220220537
100220241764
100220261711
100220282481
100220302618
100220323556
100220344344
100220364453
100220385468
100220406384
100220426227
100220445319
100220465269
100220485383
100220505392
100220525583
100220545568
100220566574
100220587589
100220607584
100220628494
100220648592
100220669638
100220690658
100220711533
100220732528
100220753541
100220774624
100220795495
100220816467
100220837460
100220858399
100220879425
100220900240
100220921287
100220942217
100220962331
100220982390
100221002528
100221022000
100221041166
100221061134
100221080446
100221101173
100221121145
100221141146
100221161134
100221181124
100221201126
100221221138
100221241137
100221261420
100221281284
100221301278
100221321186
100221342354
100221363326
100221384189
100221405411
100221425964
100221445016
100221463962
100221483100
100221503096
100221522082
100221542257
100221562471
100221583479
100221603878
100221622894
100221641933
100221660894
100221680023
100221698996
100221717997
100221737941
100221757123
100221777091
100221796377
100221816121
100221836107
100221856162
100221876155
100221896132
100221916139
100221936014
100221956144
100221976074
100221995055
100222015017
100222035164
100222055111
100222075355
100222096278
100222117164
100222138294
100222159254
100222179548
100222200414
100222221132
100222241084
100222261465
100222282257
100222302275
100222323262
100222344081
100222363806
100222382782
100222401925
100222420984
100222441308
100222462005
100222482088
100222501908
100222520996
100222540093
100222560067
100222580300
100222601308
100222622396
100222643124
100222663972
100222684080
100222704339
100222725333
100222746240
100222767342
100222788113
100222808875
100222828888
100222848871
100222868816
100222888907
100222909237
100222929834
100222949906
100222970205
100222990083
100223010095
100223031137
100223052079
100223073203
100223094110
100223115106
100223136251
100223157081
100223178083
100223199135
100223220337
100223240905
100223260161
100223281035
100223301003
100223321078
100223342105
100223362957
100223382949
100223402885
100223423073
100223444056
100223465200
100223484839
100223504003
100223523993
100223544433
100223565119
100223584904
100223605147
100223625926
100223646096
100223666968
100223686984
100223708042
100223728191
100223749162
100223768955
100223790006
100223811115
100223832030
100223853313
100223872799
100223892953
100223912981
100223933360
100223953887
100223974982
100223995982
100224016794
100224036878
100224057882
100224077982
100224097882
100224117987
100224138912
100224158903
100224178929
100224199124
100224219661
100224238634
100224257685
100224276663
100224296939
100224317919
100224337909
100224358835
100224379135
100224400102
100224420993
100224442038
100224462933
100224483199
100224503911
100224524731
100224546006
100224566128
100224585903
100224605851
100224626051
100224646002
100224665779
100224685833
100224705951
100224725973
100224746482
100224767064
100224787016
100224806802
100224826947
100224847854
100224868848
100224890014
100224910864
100224930755
100224950695
100224971906
100224992847
100225013668
100225033786
100225053774
100225074782
100225094697
100225114522
100225133611
100225153463
100225172812
100225192850
100225213790
100225233719
100225254649
100225274620
100225294647
100225314625
100225334641
100225376807
100225398026
100225418759
100225438772
100225458750
100225478662
100225498695
100225519937
100225540667
100225561616
100225581509
100225601633
100225621615
100225641638
100225661697
100225682775
100225703735
100225724832
100225745779
100225766691
100225787714
100225808793
100225829618
100225849447
100225869571
100225889657
100225910642
100225931798
100225952592
100225973679
100225994490
100226016237
100226036567
100226056398
100226076711
100226097601
100226117597
100226137400
100226157721
100226178715
100226199758
100226220656
100226240447
100226260481
100226280451
100226300562
100226321541
100226342574
100226363646
100226384469
100226405505
100226425546
100226446515
100226467495
100226488532
100226509579
100226530582
100226550601
100226570561
100226590600
100226610507
100226631586
100226651586
100226671567
100226692560
100226712696
100226733600
100226753582
100226773572
100226793570
100226813625
100226833627
100226853464
100226873539
100226893470
100226913528
100226933557
100226953458
100226973635
100226993580
100227013584
100227033442
100227053508
100227073376
100227093375
100227113488
100227134474
100227155516
100227176278
100227195384
100227215430
100227235510
100227256380
100227276294
100227296377
100227316399
100227336408
100227356395
100227376439
100227397334
100227417314
100227437278
100227458415
100227479550
100227499547
100227519681
100227540553
100227561502
100227582226
100227601241
100227620213
100227639415
100227659353
100227679138
100227698193
100227718313
100227738376
100227759649
100227779169
100227799169
100227818138
100227838183
100227858080
100227878374
100227899333
100227920245
100227940303
100227961679
100227981757
100228002525
100228023360
100228044232
100228064567
100228085195
100228105263
100228125169
100228145153
100228165155
100228185291
100228205189
100228225093
100228245225
100228265226
100228285165
100228305173
100228325123
100228345186
100228365109
100228385018
100228404057
100228423058
100228443038
100228462098
100228482071
100228502328
100228523173
100228543196
100228564224
100228585310
100228606169
100228627221
100228648356
100228668251
100228688064
100228708008
100228728107
100228748226
100228769224
100228790233
100228810998
100228830969
100228850946
100228869926
100228890011
100228909929
100228928939
100228948919
100228968943
100228989044
100229010123
100229030241
100229051227
100229072734
100229092081
100229112819
100229133130
100229153053
100229174125
100229194132
100229215344
100229235880
100229255851
100229275797
100229294800
100229314849
100229333717
100229352694
100229373001
100229393134
100229412854
100229431910
100229450872
100229469880
100229489874
100229509908
100229528858
100229548846
100229567842
100229586898
100229607022
100229627044
100229648486
100229669304
100229690272
100229711056
100229730991
100229750835
100229770940
100229790929
100229811144
100229832092
100229853032
100229873030
100229892984
100229913272
100229933040
100229952874
100229972943
100229992992
100230013091
100230032968
100230052962
100230073112
100230092964
100230112968
100230134177
100230155231
100230176134
100230197093
100230218067
100230238869
100230259127
100230280274
100230300822
100230322168
100230342901
100230363030
100230383866
100230404778
100230425102
100230446089
100230467043
100230487903
100230509013
100230529908
100230551040
100230571941
100230593035
100230614030
100230634799
100230654799
100230674750
100230694622
100230713584
100230732679
100230752676
100230772593
100230791696
100230811799
100230832703
100230852837
100230873828
100230894897
100230915838
100230936836
100230957787
100230978836
100230999830
100231020787
100231041902
100231061995
100231083068
100231104000
100231124743
100231145952
100231166758
100231186670
100231206739
100231226654
100231246838
100231266824
100231287633
100231307809
100231328766
100231349532
100231369534
100231388825
100231408883
100231428851
100231448910
100231468703
100231489565
100231509517
100231529543
100231549487
100231568423
100231588758
100231609655
100231629785
100231649539
100231669558
100231689604
100231709754
100231729776
