100059894541
100059914548
100059934672
100059953530
100059972519
100059991727
100100010760
100100029769
100100050111
100100070828
100100090810
100100110667
100100129315
100100148628
100100167620
100100186605
100100206606
100100225752
100100245763
100100264696
100100283624
100100302453
100100321542
100100340542
100100359550
100100378525
100100397546
100100416863
100100437108
100100457999
100100478883
100100498812
100100518694
100100537970
100100557899
100100579053
100100598975
100100618960
100100639032
100100659805
100100679595
100100699698
100100719611
100100739636
100100759913
100100779772
100100799824
100100819673
100100838661
100100857707
100100876765
100100895530
100100915988
100100935822
100100956824
100100977837
100100998830
100101018762
100101038715
100101058617
100101078763
100101099045
100101118840
100101138529
100101159198
100101180021
100101200031
100101220830
100101242016
100101262646
100101282766
100101302967
100101322955
100101342869
100101362969
100101382778
100101403005
100101422942
100101442975
100101462552
100101481612
100101501553
100101520540
100101539751
100101559500
100101579580
100101599597
100101619535
100101639389
100101659771
100101680556
100101700510
100101720866
100101740503
100101760658
100101781540
100101801490
100101820477
100101839714
100101860770
100101880874
100101901599
100101921464
100101940683
100101960701
100101980658
100102000343
100102020725
100102040747
100102060645
100102080917
100102100546
100102120721
100102140741
100102160688
100102181832
100102202859
100102223605
100102243550
100102263393
100102282762
100102302761
100102322810
100102342665
100102362708
100102382709
100102402636
100102422625
100102443671
100102464526
100102485744
100102506662
100102527725
100102548618
100102569632
100102590538
100102611534
100102631406
100102651799
100102671773
100102691562
100102712427
100102732584
100102752629
100102772615
100102793334
100102813708
100102834270
100102853556
100102873543
100102894670
100102914628
100102935389
100102955431
100102975155
100102995419
100103015624
100103036382
100103056434
100103076761
100103097665
100103118569
100103139455
100103159611
100103180648
100103201556
100103222487
100103243442
100103264456
100103284306
100103304301
100103324210
100103344331
100103364336
100103384333
100103404406
100103424615
100103445586
100103466672
100103487466
100103507705
100103528624
100103549634
100103570450
100103591573
100103612502
100103633404
100103653489
100103674256
100103695881
100103716501
100103736644
100103757614
100103778592
100103799630
100103820472
100103841414
100103862407
100103883395
100103904432
100103924472
100103944408
100103965340
100103985432
100104006576
100104027686
100104048285
100104068099
100104088405
100104109316
100104130102
100104150273
100104170181
100104190276
100104210224
100104230111
100104250142
100104270028
100104289000
100104307972
100104328315
100104349219
100104369092
100104389251
100104409249
100104429240
100104450498
100104471548
100104492509
100104513183
100104533338
100104554360
100104575244
100104596481
100104616464
100104636416
100104656151
100104676329
100104696437
100104716458
100104736326
100104756334
100104776285
100104797116
100104817470
100104837336
100104857336
100104877122
100104896385
100104917163
100104937104
100104957271
100104977159
100104997120
100105017297
100105038214
100105057980
100105077119
100105096917
100105116380
100105137339
100105157200
100105177203
100105197081
100105217352
100105237339
100105257113
100105277104
100105297003
100105317343
100105336918
100105357290
100105377927
100105397917
100105417902
100105437183
100105457095
100105477209
100105497406
100105517389
100105537240
100105557265
100105577087
100105597014
100105616328
100105637200
100105657314
100105677168
100105697289
100105717248
100105737317
100105757188
100105778185
100105798112
100105818019
100105838070
100105857955
100105878064
100105897870
100105918236
100105939204
100105959198
100105979385
100105998962
100106018870
100106037901
100106057899
100106076833
100106095914
100106114893
100106134856
100106154891
100106174837
100106193877
100106214309
100106235136
100106255025
100106275980
100106295886
100106314807
100106335134
100106356295
100106377189
100106398075
100106418881
100106438895
100106458903
100106478808
100106498903
100106518849
100106538826
100106558794
100106578773
100106598948
100106619016
100106638907
100106658855
100106678817
100106698839
100106719183
100106739124
100106760069
100106781081
100106801112
100106822035
100106842903
100106862788
100106882787
100106902735
100106922763
100106942795
100106962831
100106982930
100107003022
100107023890
100107043964
100107064861
100107085682
100107104898
100107124867
100107144834
100107164812
100107185099
100107204836
100107225783
100107245743
100107265838
100107285984
100107305969
100107327042
100107347876
100107367872
100107387945
100107408874
100107429743
100107449870
100107470889
100107491884
100107512897
100107533810
100107554837
100107575848
100107596954
100107616807
100107636863
100107657771
100107678865
100107700217
100107720761
100107740371
100107760536
100107779551
100107799637
100107819530
100107849274
100107864547
100107879368
100107894382
100107909302
100107924312
100107939429
100107954381
100107969310
100107984479
100107999382
100108014389
100108029322
100108044311
100108059490
100108074426
100108089475
100108104408
100108119559
100108134458
100108149365
100108164490
100108179384
100108194389
100108209329
100108224329
100108239464
100108254375
100108269372
100108284303
100108299371
100108314324
100108329294
100108344352
100108359322
100108374373
100108389429
100108404295
100108419410
100108434338
100108449268
100108464291
100108479462
100108494568
100108510663
100108526407
100108541422
100108556428
100108571626
100108586342
100108601295
100108616330
100108631313
100108646734
100108661349
100108676381
100108691389
100108706420
100108721348
100108736279
100108751414
100108766479
100108781310
100108796432
100108811476
100108826438
100108841346
100108856303
100108871326
100108886682
100108901347
100108916289
100108931377
100108946330
100108961187
100108976047
100108991238
100109006277
100109021285
100109036330
100109051335
100109066374
100109081249
100109096250
100109111233
100109126204
100109141201
100109156383
100109171600
100109186283
100109201230
100109216322
100109231261
100109246346
100109261314
100109276401
100109291464
100109306280
100109321166
100109336221
100109351261
100109366251
100109381217
100109396274
100109411185
100109426351
100109441161
100109456163
100109471145
100109486205
100109501290
100109516241
100109531321
100109546178
100109561223
100109576212
100109591562
100109606192
100109621577
100109636203
100109651338
100109666382
100109681178
100109696296
100109711355
100109726214
100109741195
100109756181
100109771130
100109786394
100109801403
100109816205
100109831201
100109846199
100109861147
100109876176
100109891154
100109906154
100109921378
100109936255
100109951192
100109966249
100109981143
100109996274
100110011213
100110026177
100110041128
100110056168
100110071172
100110086178
100110101253
100110116244
100110131178
100110146171
100110161205
100110176200
100110191194
100110206211
100110221109
100110236187
100110251179
100110266163
100110281202
100110296404
100110312283
100110327313
100110342288
100110357243
100110372195
100110387244
100110402207
100110417119
100110432120
100110447159
100110462149
100110477191
100110492160
100110507175
100110522155
100110537250
100110552235
100110567194
100110582159
100110597153
100110612162
100110627102
100110642126
100110657543
100110673244
100110688156
100110703101
100110718090
100110733152
100110748111
100110763151
100110778241
100110793210
100110808234
100110823140
100110838268
100110853252
100110868153
100110887390
100110902046
100110916964
100110940902
100110957750
100110971696
100110985734
100111005748
100111019947
100111034934
100111048912
100111064247
100111079018
100111094161
100111109076
100111124049
100111139010
100111154039
100111169023
100111184294
100111199254
100111214267
100111229179
100111244331
100111259243
100111274331
100111289301
100111305248
100111320141
100111335363
100111350223
100111365210
100111380313
100111395235
100111410227
100111425547
100111440280
100111455220
100111470160
100111485143
100111500253
100111515152
100111530132
100111545170
100111560187
100111575352
100111590259
100111605258
100111620250
100111635171
100111650109
100111665101
100111680083
100111695172
100111710111
100111725129
100111740087
100111755128
100111770116
100111785105
100111800119
100111815172
100111830115
100111845186
100111860132
100111875102
100111890155
100111905083
100111920066
100111935096
100111950150
100111965041
100111980040
100111995217
100112010132
100112025265
100112040210
100112055262
100112071219
100112086196
100112101280
100112116175
100112131318
100112146231
100112161327
100112176214
100112191105
100112206118
100112221074
100112236138
100112271443
100112292527
100112313502
100112334382
100112355486
100112375241
100112394241
100112414448
100112435484
100112456610
100112477502
100112498617
100112519499
100112540476
100112561480
100112582285
100112602690
100112623813
100112643155
100112662543
100112682399
100112703416
100112723584
100112744517
100112764290
100112784299
100112803608
100112824633
100112845362
100112865783
100112885643
100112905557
100112926444
100112947421
100112968452
100112989213
100113008230
100113027746
100113048447
100113068259
100113087341
100113107420
100113127463
100113147123
100113167140
100113187155
100113207254
100113226043
100113246127
100113266193
100113286212
100113306206
100113325221
100113345189
100113364029
100113383199
100113403147
100113422124
100113441148
100113461030
100113481030
100113500029
100113519100
100113539124
100113558149
100113577435
100113598171
100113617315
100113637241
100113657085
100113677087
100113697084
100113718492
100113738352
100113758353
100113778459
100113798272
100113818164
100113837262
100113857059
100113877401
100113897564
100113918449
100113939188
100113960353
100113980481
100114000510
100114021399
100114042365
100114063356
100114084496
100114104077
100114123209
100114143492
100114164360
100114185344
100114205340
100114225332
100114245319
100114266334
100114287487
100114308427
100114329352
100114350511
100114371433
100114391411
100114412047
100114431031
100114451197
100114471960
100114491221
100114511072
100114530992
100114551123
100114571245
100114591817
100114612078
100114630620
100114651028
100114669942
100114688938
100114709040
100114729339
100114749040
100114769072
100114788846
100114807935
100114827991
100114846844
100114865812
100114886545
100114907096
100114926920
100114946196
100114967160
100114987130
100115007113
100115027006
100115046095
100115066076
100115086117
100115106198
100115127144
100115147928
100115167161
100115187916
100115207724
100115227796
100115247709
100115267761
100115287880
100115307910
100115327935
100115347934
100115367799
100115386877
100115406877
100115427066
100115447240
100115468301
100115489125
100115509920
100115530184
100115551179
100115572341
100115592884
100115613038
100115634092
100115655077
100115675928
100115697155
100115718139
100115738886
100115760342
100115781081
100115802241
100115823157
100115844138
100115864205
100115884203
100115905197
100115925949
100115946911
100115967179
100115986907
100116006953
100116027011
100116047977
100116068023
100116088112
100116109073
100116129061
100116148906
100116169078
100116189916
100116209862
100116229693
100116248969
100116269994
100116290783
100116310898
100116332036
100116352072
100116372295
100116392095
100116412949
100116433944
100116454071
100116473903
100116493803
100116513921
100116534910
100116555892
100116576927
100116596745
100116617953
100116638630
100116659025
100116680037
100116700954
100116721901
100116743041
100116764061
100116784981
100116805951
100116826906
100116848058
100116869047
100116889802
100116910915
100116931759
100116951814
100116972495
100116992600
100117013090
100117033691
100117053857
100117074870
100117094831
100117114995
100117134884
100117154847
100117174842
100117194881
100117214778
100117235703
100117255682
100117275745
100117295694
100117315725
100117336604
100117356582
100117376599
100117396621
100117416671
100117437894
100117458687
100117479696
100117500648
100117520484
100117540805
100117561818
100117582798
100117602864
100117623865
100117644583
100117664763
100117684728
100117705945
100117725783
100117745816
100117765800
100117786878
100117807847
100117828703
100117849704
100117870612
100117890589
100117910665
100117931769
100117952513
100117973854
100117994645
100118014748
100118035574
100118055474
100118075498
100118096889
100118117637
100118138664
100118159384
100118179144
100118199384
100118220109
100118240553
100118259060
100118278103
100118297111
100118316087
100118335064
100118354143
100118373154
100118392213
100118411404
100118430352
100118449348
100118469660
100118490438
100118510583
100118531677
100118552534
100118572700
100118593537
100118613547
