094824493869
094824513887
094824533886
094824553817
094824573154
094824593116
094824613101
094824632129
094824650921
094824669769
094824689192
094824709129
094824727872
094824748131
094824768058
094824787194
094824808365
094824828241
094824849095
094824869390
094824890195
094824911106
094824931095
094824950096
094824970106
094824990134
094825011186
094825031248
094825051092
094825070038
094825089029
094825109064
094825129228
094825150183
094825170999
094825190872
094825210882
094825229772
094825248737
094825267872
094825288108
094825309110
094825329290
094825350104
094825370064
094825390826
094825411083
094825430871
094825450874
094825470743
094825490754
094825509814
094825529720
094825548824
094825568829
094825588871
094825609017
094825629004
094825648998
094825668913
094825688919
094825708993
094825728962
094825748893
094825768651
094825789015
094825808975
094825828646
094825848856
094825868842
094825888949
094825908864
094825930000
094825950637
094825969490
094825988530
094826008684
094826027595
094826047517
094826067431
094826086401
094826106369
094826126432
094826146405
094826166565
094826186536
094826206569
094826226983
094826247860
094826268789
094826289964
094826310969
094826331859
094826352717
094826373715
094826393797
094826413845
094826433580
094826452846
094826472764
094826492713
094826512656
094826532593
094826552632
094826572724
094826592539
094826612688
094826632621
094826652760
094826672701
094826693742
094826714754
094826735681
094826755622
094826775628
094826795666
094826815757
094826835442
094826854627
094826874597
094826893555
094826912328
094826932495
094826952476
094826972477
094826992178
094827011325
094827031394
094827051759
094827072712
094827093512
094827113582
094827133228
094827152216
094827172158
094827191124
094827210403
094827229422
094827249489
094827269324
094827288246
094827307231
094827326209
094827345360
094827365178
094827385281
094827405447
094827425333
094827445459
094827465249
094827484308
094827504278
094827523231
094827542287
094827562399
094827582401
094827602479
094827622356
094827641455
094827661401
094827680458
094827700303
094827720371
094827740288
094827760254
094827780158
094827800222
094827819132
094827839213
094827859145
094827879343
094827899159
094827918376
094827939374
094827959554
094827979310
094827999180
094828018083
094828038193
094828058087
094828078195
094828097311
094828117421
094828137172
094828157137
094828176496
094828197254
094828218330
094828238273
094828258287
094828279341
094828300338
094828321077
094828341281
094828361480
094828381292
094828401049
094828421329
094828441291
094828461052
094828481152
094828501087
094828521019
094828540158
094828559100
094828578074
094828598121
094828618099
094828638086
094828658078
094828678080
094828697773
094828717742
094828737742
094828757707
094828776771
094828796845
094828817166
094828837091
094828857221
094828876944
094828896959
094828916985
094828938219
094828958083
094828979073
094828999831
094829019871
094829039901
094829059853
094829079887
094829100251
094829121201
094829142004
094829163122
094829183082
094829202973
094829222894
094829242905
094829262897
094829283010
094829303988
094829323957
094829344977
094829364782
094829384934
094829404880
094829424928
094829444681
094829464654
094829484925
094829504795
094829524710
094829544823
094829564816
094829584737
094829604720
094829624921
094829645741
094829665875
094829686888
094829706581
094829726607
094829746638
094829766636
094829786677
094829806677
094829825686
094829845787
094829864775
094829883798
094829903840
094829923931
094829943746
094829963679
094829983858
094830003661
094830023718
094830043711
094830063765
094830083606
094830103561
094830123547
094830143543
094830162713
094830182696
094830202688
094830222843
094830242581
094830261850
094830282754
094830303998
094830323666
094830343768
094830364887
094830385728
094830405710
094830425670
094830445447
094830465562
094830485557
094830504577
094830523640
094830543661
094830563820
094830583673
094830604835
094830625750
094830646694
094830666655
094830686646
094830706625
094830726626
094830746692
094830766635
094830786655
094830806643
094830826632
094830846651
094830866579
094830886579
094830906317
094830925750
094830945584
094830965543
094830985348
094831004579
094831024491
094831044468
094831064497
094831084439
094831103329
094831123590
094831143171
094831162169
094831187420
094831207267
094831226541
094831247489
094831267488
094831287506
094831308397
094831328393
094831349317
094831369393
094831389422
094831408997
094831428902
094831449185
094831468512
094831488581
094831508455
094831528437
094831548532
094831569380
094831589397
094831609301
094831630432
094831650405
094831670271
094831689410
094831709191
094831729214
094831748056
094831767246
094831787207
094831807173
094831827445
094831847194
094831867099
094831886311
094831906376
094831926337
094831946393
094831967396
094831988291
094832009261
094832028906
094832049189
094832069435
094832090201
094832110231
094832129899
094832149244
094832169218
094832188856
094832207902
094832227969
094832246950
094832265922
094832285211
094832305284
094832326314
094832347462
094832368107
094832388145
094832408210
094832428203
094832448165
094832468119
094832488001
094832508059
094832528020
094832547950
094832567993
094832588206
094832609174
094832628956
094832649115
094832668945
094832689138
094832708976
094832728034
094832747976
094832767928
094832787938
094832808051
094832827947
094832847960
094832868012
094832888281
094832908184
094832928192
094832948279
094832968260
094832988186
094833008221
094833027855
094833046728
094833065726
094833085771
094833105751
094833125638
094833145640
094833164720
094833183782
094833203754
094833223659
094833242611
094833261639
094833281583
094833301600
094833321600
094833341528
094833361636
094833381690
094833401611
094833421606
094833441611
094833461601
094833481682
094833501607
094833521596
094833540612
094833560567
094833580589
094833599655
094833618651
094833637604
094833657786
094833677682
094833697681
094833717575
094833737642
094833757696
094833777674
094833797576
094833817936
094833839141
094833860042
094833880967
094833900815
094833920883
094833940555
094833959763
094833979947
094833999873
094834020821
094834042076
094834062663
094834082646
094834102825
094834123873
094834144696
094834164658
094834184812
094834204589
094834223638
094834244045
094834264689
094834284807
094834305649
094834325436
094834345316
094834364357
094834383257
094834402269
094834422294
094834441314
094834461438
094834481352
094834501313
094834520287
094834539374
094834559710
094834579381
094834599606
094834619777
094834640802
094834661396
094834680343
094834699401
094834718314
094834737351
094834756391
094834776332
094834796359
094834816297
094834836441
094834856525
094834876541
094834896508
094834915185
094834934556
094834954300
094834974259
094834994219
094835014162
094835034534
094835055517
094835075388
094835095249
094835115469
094835135532
094835155469
094835176348
094835196524
094835217431
094835237403
094835257365
094835277210
094835297498
094835318201
094835338183
094835358324
094835378184
094835397161
094835417596
094835438315
094835457524
094835478596
094835499904
094835519519
094835539437
094835559525
094835579490
094835599222
094835619423
094835639129
094835658361
094835678150
094835698125
094835718042
094835738058
094835758023
094835778354
094835798176
094835817305
094835837250
094835857355
094835877328
094835897330
094835917272
094835937352
094835957280
094835978408
094835999373
094836020312
094836041244
094836062235
094836082245
094836102250
094836122195
094836142210
094836162037
094836181931
094836201887
094836222091
094836242242
094836262290
094836283410
094836304224
094836324064
094836343896
094836363558
094836383131
094836403139
094836423047
094836442735
094836463049
094836483012
094836502110
094836522104
094836542138
094836562102
094836582098
094836602061
094836622123
094836642137
094836662043
094836682115
094836702968
094836722110
094836742240
094836762016
094836780972
094836799945
094836819962
094836840047
094836859859
094836879889
094836900014
094836919903
094836939774
094836959742
094836979716
094836999713
094837018873
094837039109
094837058993
094837078627
094837097670
094837116599
094837135743
094837156012
094837176864
094837196877
094837216967
094837236682
094837255893
094837276025
094837295751
094837315717
094837335953
094837355680
094837374864
094837394881
094837414859
094837433836
094837453625
094837474062
094837494065
094837514037
094837533926
094837554110
094837574022
094837593813
094837612825
094837632811
094837653079
094837672943
094837694102
094837714788
094837735956
094837756853
094837778010
094837798862
094837819969
094837840875
094837860652
094837879686
094837899817
094837919663
094837939640
094837958562
094837977572
094837996691
094838016531
094838035506
094838055418
094838075415
094838094920
094838115741
094838134565
094838153485
094838172581
094838208951
094838228613
094838248762
094838268795
094838289571
094838309671
094838329678
094838349724
094838369830
094838390654
094838410726
094838430368
094838450398
094838470561
094838490491
094838510609
094838530644
094838550638
094838570650
094838590641
094838610648
094838630630
094838650705
094838671626
094838691648
094838711595
094838731227
094838750312
094838769422
094838788196
094838807234
094838827234
094838847570
094838867737
094838888663
094838909625
094838930628
094838951509
094838971521
094838991427
094839011501
094839031497
094839051070
094839070114
094839089471
094839109635
094839129427
094839149392
094839169310
094839189423
094839209386
094839229601
094839250181
094839270240
094839290404
094839310077
094839330111
094839350486
094839371237
094839391370
094839412150
094839432192
094839452273
094839472431
094839492372
094839512391
094839532338
094839552328
094839572405
094839592093
094839612371
094839631956
094839651172
094839671214
094839691210
094839712304
094839733249
094839753864
094839773077
094839792214
094839812050
094839831034
094839850974
094839870896
094839889828
094839908854
094839927754
094839948038
094839967185
094839985900
094840006055
094840024931
094840044774
094840064671
094840084749
094840103777
094840122744
094840141880
094840161070
094840179853
094840198738
094840217832
094840236752
094840256903
094840276856
094840297075
094840317089
094840337110
094840356894
094840376903
094840397103
094840416866
094840436844
094840457541
094840478133
094840497942
094840517741
094840537990
094840558086
094840578031
094840599102
094840619108
094840639074
094840659057
094840679004
094840699519
094840720362
094840740881
094840759904
094840780004
094840799931
094840820250
094840841279
094840861941
094840881958
094840901935
094840921942
094840942185
094840963070
094840984006
094841005063
094841026043
094841046973
094841067881
094841088150
094841108939
094841128880
094841148967
094841168854
094841188907
094841208914
094841228908
094841249097
094841269631
094841289797
094841309859
094841329858
094841349848
094841370260
094841390943
094841411664
094841431652
094841451444
094841470685
094841490578
094841509884
094841529858
094841549863
094841570871
094841591962
094841611870
094841631958
094841652882
094841673643
094841694000
094841714469
094841734483
094841753511
094841773325
094841793557
094841813434
094841833397
094841853368
094841873362
094841893426
094841913394
094841933384
094841953240
094841973545
094841992490
094842012513
094842032508
094842052362
094842072371
094842092447
094842112362
094842132369
094842152351
094842172314
094842192333
094842212335
094842232263
094842252288
094842272228
094842291419
094842311514
094842331223
094842350234
094842369192
094842389222
094842409211
094842429215
094842449306
094842469213
094842489201
094842509246
094842529231
094842549244
094842569178
094842589205
094842609150
094842629163
094842649106
094842669162
094842689130
094842709078
094842729077
094842749075
094842769175
094842789068
094842809344
094842828193
094842847017
094842866004
094842884996
094842905062
094842925097
094842945174
094842965081
094842985074
094843005239
094843025307
094843045465
094843066430
094843086977
094843107083
094843127360
094843147255
094843167138
094843187115
094843207102
094843227078
094843246355
094843266316
094843287441
094843308273
094843328123
094843347849
094843368219
094843388159
094843407923
094843427222
094843447041
094843465727
094843486192
094843505818
094843525237
094843544967
094843563991
094843583112
094843603185
094843622970
094843641885
094843661055
094843679997
094843699034
094843718712
094843738656
094843758704
094843778679
094843798718
094843818988
094843837874
094843856836
094843875800
094843894758
094843913853
094843932806
094843951846
094843970757
094843989737
094844008857
094844027816
094844046891
094844066763
094844086735
094844106753
094844126699
094844146707
094844166670
094844186774
094844206733
094844226748
094844247076
094844266847
094844286843
094844306735
094844326814
094844346993
094844367091
094844388309
094844408941
094844428940
094844448910
