095722549434
095722568581
095722587684
095722607676
095722627640
095722647547
095722667474
095722687541
095722707561
095722727657
095722747654
095722767718
095722787749
095722808644
095722828464
095722848470
095722868591
095722888518
095722908726
095722929472
095722948745
095722968431
095722987608
095723007396
095723026238
095723045386
095723064307
095723083333
095723103402
095723123364
095723143418
095723163553
095723184613
095723205550
095723226235
095723246492
095723266668
095723287557
095723307516
095723327763
095723348572
095723368512
095723388462
095723409403
095723429455
095723450157
095723469471
095723490424
095723510440
095723531407
095723551397
095723572474
095723593495
095723614477
095723634337
095723654238
095723674307
095723694459
095723714369
095723734286
095723753201
095723773469
095723793499
095723813442
095723833401
095723853414
095723873423
095723894427
095723915404
095723935380
095723956248
095723976214
095723996210
095724016188
095724036186
095724056136
095724076112
095724096105
095724116464
095724137340
095724158246
095724178326
095724198316
095724218244
095724238033
095724257061
095724276076
095724295069
095724315080
095724335021
095724355032
095724375002
095724395068
095724415402
095724435381
095724455385
095724476494
095724497154
095724517025
095724536155
095724555479
095724576235
095724596195
095724615899
095724634857
095724654940
095724673929
095724693000
095724711958
095724732081
095724752195
095724772259
095724792129
095724810933
095724830031
095724849187
095724869116
095724889075
095724908090
095724926803
095724945997
095724965820
095724985036
095725006170
095725026901
095725047114
095725067734
095725086779
095725106742
095725126731
095725146670
095725165662
095725184738
095725204749
095725224751
095725244577
095725264578
095725285012
095725306103
095725325921
095725347424
095725368261
095725389084
095725409895
095725429804
095725449791
095725469736
095725489869
095725508781
095725528663
095725548974
095725568742
095725588520
095725608495
095725628386
095725648609
095725668309
095725687591
095725706432
095725726245
095725745315
095725764259
095725783309
095725803264
095725822260
095725842364
095725862375
095725882436
095725902447
095725922474
095725942403
095725962215
095725981250
095726001205
095726020428
095726039253
095726058394
095726077416
095726096506
095726116463
095726135496
095726154531
095726174456
095726194504
095726214467
095726234441
095726254387
095726274383
095726294683
095726314389
095726333460
095726352386
095726371449
095726390488
095726409484
095726428417
095726448550
095726468731
095726489671
095726510814
095726531756
095726552348
095726571526
095726591705
095726611675
095726632432
095726652519
095726672790
095726693461
095726713807
095726734567
095726753787
095726774727
095726794626
095726814374
095726834453
095726854653
095726875619
095726896738
095726917662
095726937709
095726958655
095726979666
095727000322
095727020714
095727040546
095727060324
095727080447
095727099408
095727118265
095727138524
095727159578
095727180352
095727200337
095727220371
095727240500
095727261393
095727281472
095727302471
095727323466
095727343316
095727363334
095727382402
095727401255
095727420231
095727440301
095727460229
095727480380
095727500276
095727520193
095727540482
095727560434
095727580465
095727600353
095727619414
095727639222
095727659428
095727680224
095727700174
095727720409
095727741373
095727761152
095727780938
095727800039
095727819195
095727839398
095727859350
095727879247
095727899489
095727919316
095727940511
095727961208
095727981218
095728001042
095728020979
095728039937
095728058964
095728077898
095728097057
095728115979
095728134929
095728154218
095728174223
095728194181
095728214094
095728234194
095728254292
095728274202
095728294207
095728314221
095728334280
095728354223
095728374225
095728393823
095728413955
095728433166
095728452941
095728473084
095728492767
095728512770
095728532911
095728551995
095728572051
095728591969
095728612112
095728632016
095728652011
095728671988
095728691987
095728711869
095728731923
095728751933
095728772135
095728792912
095728813044
095728832894
095728852944
095728872973
095728892983
095728912832
095728933158
095728954324
095728975645
095728996396
095729015739
095729035992
095729055947
095729075807
095729095073
095729115023
095729135036
095729154841
095729175009
095729194891
095729214929
095729234942
095729254981
095729274855
095729295015
095729315993
095729336921
095729356908
095729378048
095729398993
095729418985
095729439733
095729464819
095729485054
095729505849
095729525735
095729544505
095729563679
095729583803
095729603665
095729622607
095729641629
095729660584
095729679711
095729699716
095729718617
095729737599
095729756918
095729776934
095729797083
095729816953
095729836971
095729858222
095729878679
095729898568
095729918848
095729938783
095729958790
095729979672
095729999804
095730020773
095730041536
095730061878
095730081707
095730101628
095730120639
095730139755
095730160716
095730181727
095730202590
095730222274
095730241390
095730261408
095730280530
095730300641
095730320685
095730340757
095730361706
095730382450
095730401354
095730420502
095730439427
095730458591
095730478396
095730497541
095730517322
095730537282
095730557238
095730577267
095730597332
095730617560
095730638588
095730659638
095730679414
095730699721
095730720580
095730740573
095730760341
095730780469
095730800372
095730819427
095730838247
095730857240
095730876578
095730896425
095730915341
095730934450
095730954439
095730974346
095730993329
095731013200
095731032220
095731052475
095731072232
095731091572
095731112163
095731132183
095731152449
095731173512
095731193467
095731214551
095731235434
095731255390
095731275377
095731295528
095731315587
095731335588
095731355905
095731375495
095731395230
095731414989
095731435236
095731455230
095731475049
095731493935
095731512896
095731532020
095731550941
095731569940
095731589994
095731610058
095731629044
095731648405
095731668428
095731688816
095731708425
095731728385
095731748390
095731768369
095731788401
095731808398
095731828457
095731848336
095731868336
095731888235
095731908273
095731928216
095731948212
095731968259
095731988272
095732008222
095732028259
095732048295
095732068959
095732089000
095732109278
095732129134
095732148971
095732169116
095732189114
095732209089
095732227979
095732246950
095732266202
095732286017
095732306374
095732327086
095732346973
095732366961
095732387184
095732406891
095732427018
095732445994
095732465121
095732485141
095732504951
095732524114
095732544078
095732562970
095732582948
095732603419
095732624002
095732643842
095732663087
095732682890
095732702025
095732721938
095732742035
095732761967
095732782986
095732803998
095732824969
095732845041
095732866098
095732887000
095732907119
095732927905
095732947890
095732967919
095732987886
095733007702
095733027747
095733046826
095733066530
095733086780
095733106758
095733126600
095733146568
095733165585
095733185669
095733205573
095733225510
095733245563
095733265487
095733285658
095733305422
095733324501
095733344613
095733364576
095733384753
095733404537
095733424470
095733444646
095733464811
095733484858
095733504936
095733526002
095733546805
095733567611
095733587837
095733608620
095733628609
095733648559
095733667874
095733687588
095733707719
095733727713
095733747725
095733767819
095733788788
095733809723
095733829641
095733849654
095733869646
095733889429
095733909569
095733929627
095733949595
095733969561
095733988575
095734007813
095734028591
095734048522
095734067555
095734086616
095734106439
095734126697
095734146665
095734166622
095734186595
095734206591
095734226534
095734246556
095734266388
095734285354
095734304366
095734324889
095734344674
095734364659
095734384915
095734405416
095734425691
095734446413
095734466322
095734485539
095734505498
095734524520
095734544559
095734564475
095734584378
095734604546
095734624321
095734643527
095734663457
095734683404
095734703393
095734723337
095734743617
095734763684
095734783685
095734803607
095734823488
095734842541
095734862395
095734882300
095734902456
095734922742
095734943582
095734964634
095734984508
095735005540
095735025372
095735045459
095735065216
095735085353
095735105350
095735125276
095735145229
095735165230
095735185719
095735206556
095735227269
095735247595
095735268290
095735288637
095735309645
095735330542
095735351444
095735371506
095735391357
095735411342
095735431444
095735451500
095735471257
095735491352
095735511649
095735532588
095735552529
095735573555
095735593189
095735613000
095735633183
095735653156
095735673123
095735693245
095735712926
095735731876
095735750764
095735770175
095735789814
095735808905
095735827833
095735846899
095735866948
095735886873
095735905989
095735925960
095735944847
095735964154
095735983959
095736003928
095736023943
095736044086
095736064025
095736083030
095736103108
095736123176
095736143048
095736162919
095736182319
095736203215
095736223998
095736258064
095736278119
095736297872
095736318160
095736339117
095736359085
095736378836
095736397811
095736416790
095736435806
095736454696
095736473689
095736492675
095736511722
095736531855
095736551824
095736572091
095736591700
095736612013
095736631986
095736651892
095736671858
095736691964
095736711712
095736730778
095736749677
095736768689
095736787705
095736806641
095736825624
095736845596
095736864698
095736884828
095736905002
095736925047
095736944969
095736964889
095736984873
095737004987
095737025070
095737044955
095737064975
095737084707
095737104896
095737125006
095737144831
095737165874
095737185836
095737205851
095737225596
095737244628
095737263587
095737282577
095737302772
095737322698
095737342756
095737362804
095737382744
095737402746
095737422751
095737442687
095737462627
095737482583
095737502729
095737524061
095737544661
095737564533
095737584738
095737604411
095737623402
095737643412
095737663600
095737683434
095737703736
095737723385
095737742464
095737761617
095737781600
095737801741
095737822738
095737843773
095737864450
095737884611
095737904483
095737924659
095737945687
095737966579
095737986573
095738006419
095738026427
095738046388
095738066356
095738086384
095738106401
095738126395
095738146387
095738166330
095738186679
095738207617
095738228681
095738249737
095738271142
095738291664
095738312635
095738333728
095738354768
095738375601
095738396343
095738416461
095738436594
095738456381
095738476451
095738496534
095738516184
095738536487
095738556343
095738576332
095738596744
095738617973
095738638639
095738658464
095738678174
095738698592
095738718176
095738738227
095738758151
095738778436
095738798150
095738818127
095738838136
095738858548
095738879114
095738899157
095738919235
095738939048
095738960711
095738981483
095739001279
095739021253
095739041296
095739062464
095739083468
095739104301
095739124100
095739144112
095739164321
095739184314
095739205022
095739225388
095739246208
095739266250
095739286071
095739306061
095739326219
095739347648
095739368188
095739388210
095739408081
095739428170
095739448095
095739468135
095739487929
095739508040
095739527149
095739547192
095739567116
095739587378
095739608276
095739629170
095739649272
095739670195
095739691116
095739711973
095739732106
095739751918
095739770771
095739789802
095739808823
095739829265
095739849904
095739869882
095739888711
095739907850
095739927785
095739948205
095739969118
095739990117
095740011151
095740032152
095740052801
095740072858
095740092631
095740112610
095740132590
095740152595
095740171758
095740191624
095740210587
095740229684
095740248777
095740268725
095740288689
095740308676
095740328682
095740348679
095740368693
095740388693
095740408624
095740428525
095740447908
095740467943
095740488746
095740508869
095740529847
095740550685
095740570784
095740591718
095740611806
095740632196
095740652763
095740672701
095740693916
095740713894
095740733837
095740754877
095740774899
095740795831
095740816967
095740836624
095740856771
095740877777
095740897477
095740916410
095740935507
095740954506
095740974418
095740995242
095741016161
095741035444
095741055582
095741075577
095741095492
095741114429
095741134454
095741154401
095741174419
095741194365
095741213396
095741232360
095741252460
095741272705
095741292790
095741312438
095741331465
095741350538
095741370585
095741391833
095741412503
095741432598
095741452464
095741472598
095741492566
095741512303
095741532342
095741552329
095741572300
095741592153
095741612328
095741632243
095741652247
095741672227
095741691236
095741711182
095741731340
095741750366
095741770354
095741790249
095741810268
095741830460
095741850330
095741870343
095741890460
095741911440
095741931522
095741952270
095741972198
095741992503
095742013521
095742034418
095742054378
095742074345
095742094413
095742114204
095742133190
095742153597
095742173247
095742193251
095742213376
095742233172
095742253330
095742273185
095742292251
095742311383
095742332398
095742352401
095742373507
095742393358
095742413425
095742433444
095742453064
095742473699
095742494290
095742514274
095742534333
