100140661777
100140682645
100140703776
100140724852
100140745763
100140766768
100140787709
100140808632
100140829830
100140850665
100140871732
100140892710
100140913660
100140934583
100140954522
100140975682
100140995481
100141015416
100141034610
100141054343
100141073741
100141094743
100141115730
100141136629
100141157352
100141177589
100141199560
100141220547
100141241390
100141261516
100141282476
100141302533
100141322591
100141342359
100141362280
100141382332
100141402414
100141422434
100141442464
100141463496
100141484321
100141504471
100141525350
100141544355
100141564258
100141584428
100141604162
100141623134
100141643400
100141664331
100141684329
100141704438
100141724436
100141744465
100141764314
100141784526
100141804254
100141824318
100141844401
100141864418
100141884386
100141904302
100141923406
100141944380
100141964403
100141984233
100142004383
100142024233
100142043226
100142062501
100142082382
100142102571
100142122497
100142142523
100142162414
100142182372
100142202491
100142223802
100142244585
100142265637
100142286656
100142307595
100142327644
100142347623
100142367607
100142387603
100142407582
100142427567
100142447651
100142467642
100142487611
100142512608
100142533424
100142553621
100142574512
100142595642
100142616149
100142636632
100142657493
100142678241
100142698496
100142719575
100142740349
100142761459
100142782534
100142803543
100142824497
100142845400
100142865322
100142886258
100142906351
100142927432
100142948514
100142968450
100142988433
100143008250
100143028051
100143047436
100143067486
100143087167
100143107046
100143126006
100143145467
100143165353
100143185519
100143205488
100143225454
100143245428
100143265438
100143286499
100143306445
100143326464
100143347242
100143367248
100143387364
100143407421
100143428239
100143449324
100143469370
100143489490
100143510505
100143531074
100143551048
100143570452
100143590113
100143610068
100143630021
100143650092
100143670050
100143690147
100143710165
100143730229
100143750262
100143771025
100143791256
100143812293
100143833239
100143853173
100143873222
100143893177
100143913003
100143932324
100143953115
100143973414
100143994390
100144015505
100144036246
100144057304
100144078296
100144099093
100144119052
100144139408
100144160369
100144181314
100144202329
100144223413
100144244085
100144264248
100144285173
100144305320
100144326244
100144347327
100144368389
100144389158
100144410207
100144431032
100144451002
100144471073
100144490987
100144510950
100144531212
100144552191
100144572032
100144592024
100144611034
100144631039
100144651028
100144671075
100144691207
100144710977
100144731159
100144751042
100144771946
100144792094
100144811861
100144832151
100144852789
100144871973
100144891947
100144912044
100144933198
100144955721
100144976162
100144995933
100145016041
100145036711
100145055876
100145074796
100145093687
100145112619
100145132992
100145154053
100145175271
100145195992
100145216097
100145237118
100145257122
100145277852
100145298023
100145317976
100145338037
100145357994
100145377971
100145398227
100145419085
100145439973
100145460149
100145480197
100145501225
100145522170
100145543100
100145564021
100145584944
100145604998
100145625175
100145645833
100145665744
100145685767
100145706106
100145727149
100145748146
100145769071
100145789724
100145809770
100145829957
100145849863
100145869734
100145888823
100145909215
100145929908
100145950825
100145970981
100145992131
100146013003
100146034034
100146055013
100146076179
100146095827
100146115678
100146135832
100146155758
100146175757
100146195817
100146215729
100146235731
100146255700
100146276078
100146296868
100146316672
100146336656
100146357022
100146377948
100146398868
100146419891
100146440904
100146461946
100146482851
100146504018
100146525008
100146545973
100146566649
100146586663
100146606891
100146626971
100146646931
100146666958
100146686896
100146706743
100146725932
100146745917
100146765964
100146785939
100146805960
100146825842
100146845910
100146865926
100146885846
100146905769
100146925690
100146945696
100146965715
100146985583
100147005917
100147026873
100147047929
100147068861
100147090976
100147111888
100147132769
100147153930
100147174950
100147195750
100147215821
100147235968
100147255909
100147275902
100147296940
100147316825
100147337886
100147357758
100147377708
100147397646
100147417795
100147438820
100147459695
100147479765
100147500783
100147522139
100147542723
100147563781
100147584501
100147604873
100147625932
100147646220
100147665724
100147685627
100147705800
100147725807
100147745762
100147765776
100147785775
100147805734
100147825694
100147845594
100147866740
100147887536
100147908568
100147929863
100147950829
100147971712
100147992617
100148012631
100148032574
100148052469
100148072603
100148093515
100148113383
100148133762
100148154451
100148174806
100148194667
100148215504
100148236646
100148257457
100148277465
100148297469
100148317428
100148338394
100148359629
100148379691
100148399634
100148419716
100148440681
100148461465
100148481591
100148501712
100148521750
100148541734
100148562494
100148582667
100148602351
100148622633
100148642386
100148663724
100148684603
100148705751
100148727039
100148747675
100148768508
100148788279
100148807262
100148827247
100148846283
100148865205
100148885439
100148906407
100148927857
100148948776
100148968448
100148988283
100149008545
100149028727
100149049632
100149070841
100149091366
100149111211
100149131638
100149151868
100149171401
100149191540
100149212177
100149232540
100149253499
100149274220
100149294475
100149315449
100149336345
100149356423
100149376412
100149396447
100149416553
100149436403
100149456541
100149476556
100149497314
100149517231
100149537445
100149557361
100149577514
100149597307
100149617356
100149637255
100149657209
100149677207
100149696302
100149716321
100149736226
100149756150
100149776154
100149795191
100149815477
100149836532
100149856427
100149876428
100149896405
100149917350
100149937167
100149956160
100149976268
100149996230
100150016421
100150037298
100150058243
100150078281
100150099235
100150119441
100150139081
100150159633
100150180447
100150201455
100150222366
100150243686
100150264448
100150285061
100150305308
100150326386
100150347395
100150368413
100150389281
100150409279
100150429988
100150449305
100150469364
100150489119
100150509039
100150530068
100150550181
100150571242
100150591253
100150612351
100150633428
100150654061
100150674272
100150694148
100150714107
100150734047
100150754164
100150774078
100150794139
100150814179
100150834120
100150854168
100150874091
100150894167
100150914191
100150935703
100150955222
100150975189
100150996056
100151017120
100151038090
100151058055
100151079002
100151099173
100151120300
100151141043
100151160751
100151180848
100151200877
100151221063
100151242106
100151262054
100151282939
100151303160
100151324169
100151345111
100151366121
100151385931
100151406095
100151426021
100151446990
100151468285
100151489234
100151510233
100151531056
100151552258
100151573175
100151594184
100151615152
100151636235
100151656863
100151677987
100151699048
100151719840
100151741000
100151760999
100151780955
100151801030
100151821024
100151841050
100151862015
100151882944
100151902871
100151923877
100151944699
100151963799
100151983840
100152003805
100152023701
100152042675
100152062769
100152082782
100152102755
100152122752
100152142773
100152162769
100152182725
100152202662
100152222720
100152242987
100152263011
100152282878
100152302852
100152323025
100152342944
100152364069
100152384999
100152406110
100152426586
100152446934
100152467002
100152486672
100152505822
100152525778
100152545800
100152565785
100152585790
100152605710
100152624572
100152644868
100152665888
100152685664
100152705772
100152727011
100152747934
100152769174
100152789748
100152809640
100152829666
100152849676
100152869653
100152889654
100152909952
100152930863
100152951856
100152972922
100152993924
100153013919
100153033864
100153053821
100153075094
100153095938
100153116033
100153137077
100153156854
100153176827
100153197696
100153218722
100153239742
100153260613
100153280649
100153300665
100153320397
100153340701
100153361627
100153381611
100153401627
100153421566
100153441808
100153462828
100153483754
100153504824
100153525507
100153545910
100153566773
100153587500
100153607627
100153628836
100153649440
100153669486
100153689598
100153709473
100153729573
100153749573
100153769743
100153789532
100153809681
100153829651
100153849552
100153869585
100153889329
100153909659
100153930585
100153950627
100153970613
100153990558
100154010626
100154031517
100154052571
100154073477
100154093557
100154114422
100154134921
100154155465
100154175641
100154196696
100154217585
100154237832
100154259203
100154279586
100154299793
100154320790
100154341488
100154361389
100154381604
100154402585
100154423635
100154444567
100154465450
100154485561
100154506528
100154526546
100154546503
100154566475
100154586374
100154606784
100154649913
100154670867
100154691587
100154711595
100154732485
100154753283
100154772376
100154792253
100154812298
100154832310
100154852346
100154872250
100154892214
100154912240
100154931268
100154951264
100154971218
100154990264
100155010297
100155030548
100155050506
100155070757
100155091239
100155111581
100155132174
100155152429
100155173675
100155193373
100155213101
100155232265
100155251386
100155271485
100155292462
100155312406
100155332441
100155352484
100155372528
100155392449
100155413641
100155434500
100155454249
100155474428
100155495328
100155514981
100155534045
100155554244
100155574194
100155594157
100155615335
100155636349
100155657267
100155677285
100155697286
100155717282
100155738573
100155759231
100155780254
100155800199
100155820320
100155840324
100155861169
100155880969
100155900722
100155920444
100155941074
100155961182
100155981036
100156000848
100156020048
100156039186
100156059194
100156079551
100156099260
100156119163
100156138959
100156159207
100156179116
100156199160
100156218978
100156239062
100156257839
100156278013
100156297988
100156317846
100156337940
100156357960
100156378082
100156398150
100156418203
100156438165
100156457314
100156477265
100156497329
100156517456
100156537444
100156557314
100156577216
100156596980
100156617188
100156637554
100156657998
100156678148
100156698219
100156718230
100156738205
100156759446
100156779256
100156799230
100156819419
100156839104
100156861863
100156881974
100156901847
100156920872
100156940268
100156960004
100156980086
100157000080
100157020065
100157040076
100157061022
100157080878
100157101094
100157120996
100157141330
100157162134
100157182913
100157202660
100157222306
100157242760
100157262680
100157283149
100157304307
100157324808
100157344726
100157364935
100157384125
100157403971
100157424074
100157444776
100157464939
100157484776
100157504114
100157525109
100157545857
100157565357
100157585843
100157605677
100157625614
100157644525
100157663499
100157683671
100157703638
100157722539
100157742601
100157762691
100157781967
100157801040
100157822004
100157841802
100157862058
100157882043
100157902030
100157922183
100157942747
100157963135
100157982766
100158002737
100158022647
100158042642
100158062390
100158081426
100158101024
100158120907
100158141029
100158161104
100158181094
100158202259
100158222924
100158242911
100158263090
100158284261
100158305248
100158326196
100158347022
100158367194
100158387922
100158408280
100158429275
100158450223
100158471205
100158492086
100158513059
100158534043
100158555202
100158575928
100158596895
100158616920
100158636869
100158657232
100158677179
100158697792
100158717847
100158738198
100158758818
100158778811
100158798096
100158818056
100158838815
100158858963
100158878950
100158898942
100158918798
100158938882
100158958718
100158977893
100158997817
100159016768
100159035920
100159055868
100159075603
100159095857
100159115753
100159135747
100159155734
100159175712
100159196053
100159216677
100159236573
100159256652
100159276668
100159296600
100159316669
100159336963
100159356938
100159376840
100159396911
100159416899
100159437851
100159458694
100159478515
100159499035
100159519073
100159539383
100159559172
100159579480
100159599336
100159619376
100159638236
100159658228
100159678253
100159698954
100159719906
100159739735
100159759825
100159780966
100159802052
100159822917
100159844047
100159865029
100159885254
100159904734
100159925811
100159946860
100159967757
100159988758
100200009728
100200029612
100200049791
100200069484
100200089804
100200110772
100200130860
100200151709
100200171793
100200192660
100200212724
100200233890
100200254518
100200273938
100200293903
100200313908
100200333906
100200353930
100200374915
100200395911
100200415568
100200435868
100200456604
100200477389
100200497473
100200517304
100200537206
100200557182
100200576045
100200596028
100200616031
100200635066
100200654963
100200674047
100200694036
100200712995
100200732013
100200751941
100200771948
100200791955
100200811452
100200830278
100200849122
100200868036
100200888205
100200908371
100200927317
100200947378
