Removed Pin From Net: NetName=AGND Pin=L8-2
Removed Member From Class: ClassName=BBB_Connection Member=L8
Added Component: Designator=TP9(NICOMATIC_C12000B)
Added Pin To Net: NetName=AGND Pin=C43-1
Added Pin To Net: NetName=AGND Pin=C48-1
Added Pin To Net: NetName=AGND Pin=C51-1
Added Pin To Net: NetName=AGND Pin=C52-1
Added Pin To Net: NetName=AGND Pin=C54-1
Added Pin To Net: NetName=AGND Pin=C55-2
Added Pin To Net: NetName=AGND Pin=C56-2
Added Pin To Net: NetName=AGND Pin=IC7-10
Added Pin To Net: NetName=AGND Pin=IC8-27
Added Pin To Net: NetName=AGND Pin=IC9-10
Added Pin To Net: NetName=AGND Pin=IC10-2
Added Pin To Net: NetName=AGND Pin=IC10-3
Added Pin To Net: NetName=AGND Pin=IC11-3
Added Pin To Net: NetName=AGND Pin=J2-3
Added Pin To Net: NetName=AGND Pin=LD1-1
Added Pin To Net: NetName=AGND Pin=OSC1-2
Added Pin To Net: NetName=AGND Pin=OSC1-4
Added Pin To Net: NetName=AGND Pin=P8-1
Added Pin To Net: NetName=AGND Pin=P8-2
Added Pin To Net: NetName=AGND Pin=P9-1
Added Pin To Net: NetName=AGND Pin=P9-2
Added Pin To Net: NetName=AGND Pin=P9-43
Added Pin To Net: NetName=AGND Pin=P9-44
Added Pin To Net: NetName=AGND Pin=P9-45
Added Pin To Net: NetName=AGND Pin=P9-46
Added Pin To Net: NetName=AGND Pin=TP9-1
Added Pin To Net: NetName=AGND Pin=TP9-1
Added Member To Class: ClassName=BBB_Connection Member=Component TP9 Test Point
