Added Component: Designator=P8(SAMTEC_TSW-123-07-L-D-LL)
Added Component: Designator=P9(SAMTEC_TSW-123-07-L-D-LL)
Added Pin To Net: NetName=DGND Pin=P8-1
Added Pin To Net: NetName=DGND Pin=P8-2
Added Pin To Net: NetName=NetP8_3 Pin=P8-3
Added Pin To Net: NetName=NetP8_4 Pin=P8-4
Added Pin To Net: NetName=NetP8_5 Pin=P8-5
Added Pin To Net: NetName=NetP8_6 Pin=P8-6
Added Pin To Net: NetName=NetP8_7 Pin=P8-7
Added Pin To Net: NetName=NetP8_8 Pin=P8-8
Added Pin To Net: NetName=NetP8_9 Pin=P8-9
Added Pin To Net: NetName=NetP8_10 Pin=P8-10
Added Pin To Net: NetName=NetP8_11 Pin=P8-11
Added Pin To Net: NetName=NetP8_12 Pin=P8-12
Added Pin To Net: NetName=NetP8_13 Pin=P8-13
Added Pin To Net: NetName=NetP8_14 Pin=P8-14
Added Pin To Net: NetName=NetP8_15 Pin=P8-15
Added Pin To Net: NetName=NetP8_16 Pin=P8-16
Added Pin To Net: NetName=NetP8_17 Pin=P8-17
Added Pin To Net: NetName=NetP8_18 Pin=P8-18
Added Pin To Net: NetName=NetP8_19 Pin=P8-19
Added Pin To Net: NetName=NetP8_20 Pin=P8-20
Added Pin To Net: NetName=NetP8_21 Pin=P8-21
Added Pin To Net: NetName=NetP8_22 Pin=P8-22
Added Pin To Net: NetName=NetP8_23 Pin=P8-23
Added Pin To Net: NetName=NetP8_24 Pin=P8-24
Added Pin To Net: NetName=NetP8_25 Pin=P8-25
Added Pin To Net: NetName=NetP8_26 Pin=P8-26
Added Pin To Net: NetName=D8 Pin=P8-27
Added Pin To Net: NetName=D10 Pin=P8-28
Added Pin To Net: NetName=D9 Pin=P8-29
Added Pin To Net: NetName=D11 Pin=P8-30
Added Pin To Net: NetName=NetP8_31 Pin=P8-31
Added Pin To Net: NetName=NetP8_32 Pin=P8-32
Added Pin To Net: NetName=NetP8_33 Pin=P8-33
Added Pin To Net: NetName=NetP8_34 Pin=P8-34
Added Pin To Net: NetName=NetP8_35 Pin=P8-35
Added Pin To Net: NetName=NetP8_36 Pin=P8-36
Added Pin To Net: NetName=NetP8_37 Pin=P8-37
Added Pin To Net: NetName=NetP8_38 Pin=P8-38
Added Pin To Net: NetName=D6 Pin=P8-39
Added Pin To Net: NetName=D7 Pin=P8-40
Added Pin To Net: NetName=D4 Pin=P8-41
Added Pin To Net: NetName=D5 Pin=P8-42
Added Pin To Net: NetName=D2 Pin=P8-43
Added Pin To Net: NetName=D3 Pin=P8-44
Added Pin To Net: NetName=D0 Pin=P8-45
Added Pin To Net: NetName=D1 Pin=P8-46
Added Pin To Net: NetName=DGND Pin=P9-1
Added Pin To Net: NetName=DGND Pin=P9-2
Added Pin To Net: NetName=VDD_3V3B Pin=P9-3
Added Pin To Net: NetName=VDD_3V3B Pin=P9-4
Added Pin To Net: NetName=VDD_5V Pin=P9-5
Added Pin To Net: NetName=VDD_5V Pin=P9-6
Added Pin To Net: NetName=SYS_5V Pin=P9-7
Added Pin To Net: NetName=SYS_5V Pin=P9-8
Added Pin To Net: NetName=NetP9_9 Pin=P9-9
Added Pin To Net: NetName=NetP9_10 Pin=P9-10
Added Pin To Net: NetName=NetP9_11 Pin=P9-11
Added Pin To Net: NetName=NetP9_12 Pin=P9-12
Added Pin To Net: NetName=NetP9_13 Pin=P9-13
Added Pin To Net: NetName=NetP9_14 Pin=P9-14
Added Pin To Net: NetName=NetP9_15 Pin=P9-15
Added Pin To Net: NetName=NetP9_16 Pin=P9-16
Added Pin To Net: NetName=NetP9_17 Pin=P9-17
Added Pin To Net: NetName=NetP9_18 Pin=P9-18
Added Pin To Net: NetName=NetP9_19 Pin=P9-19
Added Pin To Net: NetName=NetP9_20 Pin=P9-20
Added Pin To Net: NetName=NetP9_21 Pin=P9-21
Added Pin To Net: NetName=NetP9_22 Pin=P9-22
Added Pin To Net: NetName=NetP9_23 Pin=P9-23
Added Pin To Net: NetName=NetP9_24 Pin=P9-24
Added Pin To Net: NetName=NetJ3_2 Pin=P9-25
Added Pin To Net: NetName=NetIC9_14 Pin=P9-26
Added Pin To Net: NetName=NetIC7_1 Pin=P9-27
Added Pin To Net: NetName=NetIC9_7 Pin=P9-28
Added Pin To Net: NetName=NetJ3_1 Pin=P9-29
Added Pin To Net: NetName=NetIC9_9 Pin=P9-30
Added Pin To Net: NetName=NetIC9_8 Pin=P9-31
Added Pin To Net: NetName=VDD_ADC Pin=P9-32
Added Pin To Net: NetName=NetP9_33 Pin=P9-33
Added Pin To Net: NetName=GNDA_ADC Pin=P9-34
Added Pin To Net: NetName=NetP9_35 Pin=P9-35
Added Pin To Net: NetName=NetP9_36 Pin=P9-36
Added Pin To Net: NetName=NetP9_37 Pin=P9-37
Added Pin To Net: NetName=NetP9_38 Pin=P9-38
Added Pin To Net: NetName=NetP9_39 Pin=P9-39
Added Pin To Net: NetName=NetP9_40 Pin=P9-40
Added Pin To Net: NetName=NetP9_41 Pin=P9-41
Added Pin To Net: NetName=NetP9_42 Pin=P9-42
Added Pin To Net: NetName=DGND Pin=P9-43
Added Pin To Net: NetName=DGND Pin=P9-44
Added Pin To Net: NetName=DGND Pin=P9-45
Added Pin To Net: NetName=DGND Pin=P9-46
Added Member To Class: ClassName=BBB_Connection Member=Component P8 Familly
Added Member To Class: ClassName=BBB_Connection Member=Component P9 Familly
