Removed Member From Class: ClassName=1 Member=TP?
Change Component Designator: OldDesignator=TP? NewDesignator=TP1
Change Component Designator: OldDesignator=TP? NewDesignator=TP2
Change Component Designator: OldDesignator=TP? NewDesignator=TP3
Change Component Designator: OldDesignator=TP? NewDesignator=TP4
Change Component Designator: OldDesignator=TP? NewDesignator=TP5
Change Component Designator: OldDesignator=TP? NewDesignator=TP6
Change Component Designator: OldDesignator=TP? NewDesignator=TP7
Change Component Designator: OldDesignator=TP? NewDesignator=TP8
Change Component Designator: OldDesignator=TP? NewDesignator=TP9
Added Component: Designator=C55(CAPMP3528X210N)
Added Pin To Net: NetName=VDD_5V Pin=C55-1
Added Pin To Net: NetName=DGND Pin=C55-2
Added Member To Class: ClassName=BBB_Connection Member=Component C55 10uF
Added Member To Class: ClassName=1 Member=Component TP1 Test Point
Added Member To Class: ClassName=1 Member=Component TP2 Test Point
Added Member To Class: ClassName=1 Member=Component TP3 Test Point
Added Member To Class: ClassName=1 Member=Component TP4 Test Point
Added Member To Class: ClassName=1 Member=Component TP5 Test Point
Added Member To Class: ClassName=2 Member=Component TP6 Test Point
Added Member To Class: ClassName=2 Member=Component TP7 Test Point
Added Member To Class: ClassName=2 Member=Component TP8 Test Point
