Added Component: Designator=TP?(NICOMATIC_C12000B)
Added Component: Designator=TP?(NICOMATIC_C12000B)
Added Component: Designator=TP?(NICOMATIC_C12000B)
Added Component: Designator=TP?(NICOMATIC_C12000B)
Added Component: Designator=TP?(NICOMATIC_C12000B)
Added Component: Designator=TP?(NICOMATIC_C12000B)
Added Component: Designator=TP?(NICOMATIC_C12000B)
Added Component: Designator=TP?(NICOMATIC_C12000B)
Added Component: Designator=TP?(NICOMATIC_C12000B)
Added Pin To Net: NetName=NetC7_2 Pin=TP?-1
Added Pin To Net: NetName=NetC7_2 Pin=TP?-1
Added Pin To Net: NetName=NetC26_2 Pin=TP?-1
Added Pin To Net: NetName=NetC26_2 Pin=TP?-1
Added Pin To Net: NetName=NetC28_2 Pin=TP?-1
Added Pin To Net: NetName=NetC28_2 Pin=TP?-1
Added Pin To Net: NetName=NetC32_2 Pin=TP?-1
Added Pin To Net: NetName=NetC32_2 Pin=TP?-1
Added Pin To Net: NetName=NetIC5_10 Pin=TP?-1
Added Pin To Net: NetName=NetIC5_10 Pin=TP?-1
Added Pin To Net: NetName=ULTRASOUND_TRANSDUCER Pin=TP?-1
Added Pin To Net: NetName=ULTRASOUND_TRANSDUCER Pin=TP?-1
Added Pin To Net: NetName=VGA_OUT_N Pin=TP?-1
Added Pin To Net: NetName=VGA_OUT_N Pin=TP?-1
Added Pin To Net: NetName=VGA_OUT_P Pin=TP?-1
Added Pin To Net: NetName=VGA_OUT_P Pin=TP?-1
Added Member To Class: ClassName=1 Member=Component TP? Test Point
Added Member To Class: ClassName=1 Member=Component TP? Test Point
Added Member To Class: ClassName=1 Member=Component TP? Test Point
Added Member To Class: ClassName=1 Member=Component TP? Test Point
Added Member To Class: ClassName=1 Member=Component TP? Test Point
Added Member To Class: ClassName=2 Member=Component TP? Test Point
Added Member To Class: ClassName=2 Member=Component TP? Test Point
Added Member To Class: ClassName=2 Member=Component TP? Test Point
Added Member To Class: ClassName=2 Member=Component TP? Test Point
