Added Component: Designator=C1(CAPC1608X87N)
Added Component: Designator=C2(CAPC1608X87N)
Added Component: Designator=C3(CAPC1608X87N)
Added Component: Designator=C4(CAPC5650X165N)
Added Component: Designator=C5(CAPC1608X87N)
Added Component: Designator=C6(CAPC1608X87N)
Added Component: Designator=C7(CAPC1608X87N)
Added Component: Designator=C8(CAPC1608X87N)
Added Component: Designator=C9(CAPC1608X87N)
Added Component: Designator=C10(CAPC1608X87N)
Added Component: Designator=C11(CAPC1608X87N)
Added Component: Designator=C12(CAPC1608X87N)
Added Component: Designator=C13(CAPC1608X87N)
Added Component: Designator=C14(CAPC1608X87N)
Added Component: Designator=C15(CAPC1608X87N)
Added Component: Designator=C16(CAPC1608X87N)
Added Component: Designator=C17(CAPC1608X87N)
Added Component: Designator=C18(CAPC1608X87N)
Added Component: Designator=C19(CAPC1608X87N)
Added Component: Designator=C20(CAPC1608X87N)
Added Component: Designator=C21(CAPC1608X87N)
Added Component: Designator=C22(CAPC1608X87N)
Added Component: Designator=C23(CAPC1608X87N)
Added Component: Designator=C24(CAPC1608X87N)
Added Component: Designator=C25(CAPC1608X87N)
Added Component: Designator=C26(CAPC1608X87N)
Added Component: Designator=C27(CAPC1608X87N)
Added Component: Designator=C28(CAPC1608X87N)
Added Component: Designator=C29(CAPC1608X87N)
Added Component: Designator=C30(CAPC1608X87N)
Added Component: Designator=C31(CAPC1608X87N)
Added Component: Designator=C32(CAPC1608X87N)
Added Component: Designator=C33(CAPC1608X87N)
Added Component: Designator=C34(CAPC1608X87N)
Added Component: Designator=C35(CAPC1608X87N)
Added Component: Designator=C36(CAPC1608X87N)
Added Component: Designator=C37(CAPC1608X87N)
Added Component: Designator=C38(CAPC1608X87N)
Added Component: Designator=C39(CAPC1608X87N)
Added Component: Designator=C40(CAPMP3528X210N)
Added Component: Designator=C41(CAPC1608X87N)
Added Component: Designator=C42(CAPC1608X87N)
Added Component: Designator=C43(CAPC1608X87N)
Added Component: Designator=C44(CAPC1608X87N)
Added Component: Designator=C45(CAPC1608X87N)
Added Component: Designator=C46(CAPC1608X87N)
Added Component: Designator=C47(CAPMP3528X210N)
Added Component: Designator=C48(CAPC1608X87N)
Added Component: Designator=C49(CAPC1608X87N)
Added Component: Designator=C50(CAPC1608X87N)
Added Component: Designator=C51(CAPC1608X87N)
Added Component: Designator=C52(CAPC1608X87N)
Added Component: Designator=C53(CAPC2012X110N)
Added Component: Designator=C54(CAPC3216X180N)
Added Component: Designator=D1(DIOM5027X244N)
Added Component: Designator=D2(DIOM5027X244N)
Added Component: Designator=D3(SOT65P210X100-3N)
Added Component: Designator=IC1(HV7360)
Added Component: Designator=IC2(SOT89)
Added Component: Designator=IC3(SOP64P600X175-20N)
Added Component: Designator=IC4(SOT65P210X100-6N)
Added Component: Designator=IC5(QFN50P300X300X80-17N-S175)
Added Component: Designator=IC6(SOIC127P600X175-8N)
Added Component: Designator=IC7(SOP65P640X120-20N)
Added Component: Designator=IC8(SOP65P780X200-28N)
Added Component: Designator=IC9(SOP65P640X120-20N)
Added Component: Designator=IC10(PWS_RECOM_R05-100B)
Added Component: Designator=J1(AMPHENOL_132357-11)
Added Component: Designator=J3(PHOENIX_1803439)
Added Component: Designator=L1(INDC2012X105N)
Added Component: Designator=L2(INDC2012X105N)
Added Component: Designator=L3(INDC2012X105N)
Added Component: Designator=L4(INDC2012X105N)
Added Component: Designator=L5(INDC2012X105N)
Added Component: Designator=L6(INDC2012X105N)
Added Component: Designator=L7(INDC2012X105N)
Added Component: Designator=L8(INDC2012X105N)
Added Component: Designator=OSC1(SOT95P280X100-6N)
Added Component: Designator=P1(TRIM_BOURNS_3223W)
Added Component: Designator=R1(RESC3216X65N)
Added Component: Designator=R2(RESC1608X55N)
Added Component: Designator=R3(RESC1608X55N)
Added Component: Designator=R4(RESC1608X55N)
Added Component: Designator=R5(RESC1608X55N)
Added Component: Designator=R6(RESC1608X55N)
Added Component: Designator=R7(RESC1608X55N)
Added Component: Designator=R8(RESC1005X40N)
Added Component: Designator=R9(RESC1608X55N)
Added Component: Designator=R10(RESC1608X55N)
Added Component: Designator=R11(RESC1608X55N)
Added Component: Designator=R12(RESC1608X55N)
Added Component: Designator=R13(RESC1608X55N)
Added Component: Designator=R14(RESC1608X55N)
Added Component: Designator=R15(RESC1608X55N)
Added Component: Designator=R16(RESC1608X55N)
Added Component: Designator=R17(RESC1608X55N)
Added Component: Designator=R18(RESC1608X55N)
Added Component: Designator=R19(RESC1608X55N)
Added Component: Designator=R20(RESC1608X55N)
Added Component: Designator=R21(RESC1608X55N)
Added Component: Designator=R22(RESC1608X55N)
Added Component: Designator=R23(RESC1608X55N)
Added Component: Designator=SW1(JUMPSM3P)
Added Component: Designator=SW2(JUMPSM3P)
Added Component: Designator=SW3(SW_TYCO_1571983-4)
Added Component: Designator=TR1(XFMR_MINI-CIRCUITS_KK81)
Added Pin To Net: NetName=AGND Pin=C1-1
Added Pin To Net: NetName=AGND Pin=C2-1
Added Pin To Net: NetName=AGND Pin=C3-1
Added Pin To Net: NetName=AGND Pin=C4-1
Added Pin To Net: NetName=AGND Pin=C5-1
Added Pin To Net: NetName=AGND Pin=C6-2
Added Pin To Net: NetName=AGND Pin=C9-1
Added Pin To Net: NetName=AGND Pin=C11-1
Added Pin To Net: NetName=AGND Pin=C12-1
Added Pin To Net: NetName=AGND Pin=C16-1
Added Pin To Net: NetName=AGND Pin=C17-2
Added Pin To Net: NetName=AGND Pin=C18-2
Added Pin To Net: NetName=AGND Pin=C19-2
Added Pin To Net: NetName=AGND Pin=C20-1
Added Pin To Net: NetName=AGND Pin=C21-1
Added Pin To Net: NetName=AGND Pin=C22-1
Added Pin To Net: NetName=AGND Pin=C24-1
Added Pin To Net: NetName=AGND Pin=C25-2
Added Pin To Net: NetName=AGND Pin=C30-2
Added Pin To Net: NetName=AGND Pin=C31-1
Added Pin To Net: NetName=AGND Pin=C36-1
Added Pin To Net: NetName=AGND Pin=C37-1
Added Pin To Net: NetName=AGND Pin=C39-1
Added Pin To Net: NetName=AGND Pin=C42-1
Added Pin To Net: NetName=AGND Pin=C44-1
Added Pin To Net: NetName=AGND Pin=C45-2
Added Pin To Net: NetName=AGND Pin=C46-1
Added Pin To Net: NetName=AGND Pin=C47-2
Added Pin To Net: NetName=AGND Pin=C49-1
Added Pin To Net: NetName=AGND Pin=C50-1
Added Pin To Net: NetName=AGND Pin=C53-1
Added Pin To Net: NetName=AGND Pin=D3-1
Added Pin To Net: NetName=AGND Pin=D3-2
Added Pin To Net: NetName=AGND Pin=IC1-A1
Added Pin To Net: NetName=AGND Pin=IC1-A2
Added Pin To Net: NetName=AGND Pin=IC1-A3
Added Pin To Net: NetName=AGND Pin=IC1-A4
Added Pin To Net: NetName=AGND Pin=IC1-B2
Added Pin To Net: NetName=AGND Pin=IC1-B8
Added Pin To Net: NetName=AGND Pin=IC1-F7
Added Pin To Net: NetName=AGND Pin=IC1-P1
Added Pin To Net: NetName=AGND Pin=IC1-P2
Added Pin To Net: NetName=AGND Pin=IC1-P3
Added Pin To Net: NetName=AGND Pin=IC1-P4
Added Pin To Net: NetName=AGND Pin=IC1-P9
Added Pin To Net: NetName=AGND Pin=IC3-6
Added Pin To Net: NetName=AGND Pin=IC3-9
Added Pin To Net: NetName=AGND Pin=IC3-17
Added Pin To Net: NetName=AGND Pin=IC3-20
Added Pin To Net: NetName=AGND Pin=IC4-2
Added Pin To Net: NetName=AGND Pin=IC5-5
Added Pin To Net: NetName=AGND Pin=IC6-6
Added Pin To Net: NetName=AGND Pin=IC8-16
Added Pin To Net: NetName=AGND Pin=IC8-19
Added Pin To Net: NetName=AGND Pin=IC8-25
Added Pin To Net: NetName=AGND Pin=IC10-10
Added Pin To Net: NetName=AGND Pin=IC10-15
Added Pin To Net: NetName=AGND Pin=J1-2
Added Pin To Net: NetName=AGND Pin=J1-2
Added Pin To Net: NetName=AGND Pin=J1-2
Added Pin To Net: NetName=AGND Pin=J1-2
Added Pin To Net: NetName=AGND Pin=L8-2
Added Pin To Net: NetName=AGND Pin=P1-3
Added Pin To Net: NetName=AGND Pin=R8-1
Added Pin To Net: NetName=AGND Pin=R9-1
Added Pin To Net: NetName=AGND Pin=R15-1
Added Pin To Net: NetName=AGND Pin=SW1-1
Added Pin To Net: NetName=AGND Pin=SW2-1
Added Pin To Net: NetName=AGND Pin=TR1-2
Added Pin To Net: NetName=AGND Pin=TR1-6
Added Net: Name=AGND
Added Pin To Net: NetName=BIT1 Pin=IC7-2
Added Pin To Net: NetName=BIT1 Pin=IC8-13
Added Net: Name=BIT1
Added Pin To Net: NetName=BIT2 Pin=IC7-3
Added Pin To Net: NetName=BIT2 Pin=IC8-12
Added Net: Name=BIT2
Added Pin To Net: NetName=BIT3 Pin=IC7-4
Added Pin To Net: NetName=BIT3 Pin=IC8-11
Added Net: Name=BIT3
Added Pin To Net: NetName=BIT4 Pin=IC7-5
Added Pin To Net: NetName=BIT4 Pin=IC8-10
Added Net: Name=BIT4
Added Pin To Net: NetName=BIT5 Pin=IC7-6
Added Pin To Net: NetName=BIT5 Pin=IC8-9
Added Net: Name=BIT5
Added Pin To Net: NetName=BIT6 Pin=IC7-7
Added Pin To Net: NetName=BIT6 Pin=IC8-8
Added Net: Name=BIT6
Added Pin To Net: NetName=BIT7 Pin=IC7-8
Added Pin To Net: NetName=BIT7 Pin=IC8-7
Added Net: Name=BIT7
Added Pin To Net: NetName=BIT8 Pin=IC7-9
Added Pin To Net: NetName=BIT8 Pin=IC8-6
Added Net: Name=BIT8
Added Pin To Net: NetName=BIT9 Pin=IC8-5
Added Pin To Net: NetName=BIT9 Pin=IC9-2
Added Net: Name=BIT9
Added Pin To Net: NetName=BIT10 Pin=IC8-4
Added Pin To Net: NetName=BIT10 Pin=IC9-3
Added Net: Name=BIT10
Added Pin To Net: NetName=BIT11 Pin=IC8-3
Added Pin To Net: NetName=BIT11 Pin=IC9-4
Added Net: Name=BIT11
Added Pin To Net: NetName=BIT12 Pin=IC8-2
Added Pin To Net: NetName=BIT12 Pin=IC9-5
Added Net: Name=BIT12
Added Pin To Net: NetName=D0 Pin=IC7-18
Added Net: Name=D0
Added Pin To Net: NetName=D1 Pin=IC7-17
Added Net: Name=D1
Added Pin To Net: NetName=D2 Pin=IC7-16
Added Net: Name=D2
Added Pin To Net: NetName=D3 Pin=IC7-15
Added Net: Name=D3
Added Pin To Net: NetName=D4 Pin=IC7-14
Added Net: Name=D4
Added Pin To Net: NetName=D5 Pin=IC7-13
Added Net: Name=D5
Added Pin To Net: NetName=D6 Pin=IC7-12
Added Net: Name=D6
Added Pin To Net: NetName=D7 Pin=IC7-11
Added Net: Name=D7
Added Pin To Net: NetName=D8 Pin=IC9-18
Added Net: Name=D8
Added Pin To Net: NetName=D9 Pin=IC9-17
Added Net: Name=D9
Added Pin To Net: NetName=D10 Pin=IC9-16
Added Net: Name=D10
Added Pin To Net: NetName=D11 Pin=IC9-15
Added Net: Name=D11
Added Pin To Net: NetName=DGND Pin=C43-1
Added Pin To Net: NetName=DGND Pin=C48-1
Added Pin To Net: NetName=DGND Pin=C51-1
Added Pin To Net: NetName=DGND Pin=C52-1
Added Pin To Net: NetName=DGND Pin=C54-1
Added Pin To Net: NetName=DGND Pin=IC7-10
Added Pin To Net: NetName=DGND Pin=IC8-27
Added Pin To Net: NetName=DGND Pin=IC9-10
Added Pin To Net: NetName=DGND Pin=IC10-2
Added Pin To Net: NetName=DGND Pin=IC10-3
Added Pin To Net: NetName=DGND Pin=J3-3
Added Pin To Net: NetName=DGND Pin=L8-1
Added Pin To Net: NetName=DGND Pin=OSC1-2
Added Pin To Net: NetName=DGND Pin=OSC1-4
Added Net: Name=DGND
Added Net: Name=GNDA_ADC
Added Pin To Net: NetName=HVOUT Pin=C53-2
Added Pin To Net: NetName=HVOUT Pin=IC10-12
Added Pin To Net: NetName=HVOUT Pin=IC10-13
Added Pin To Net: NetName=HVOUT Pin=R1-2
Added Net: Name=HVOUT
Added Pin To Net: NetName=NetC3_2 Pin=C3-2
Added Pin To Net: NetName=NetC3_2 Pin=C4-2
Added Pin To Net: NetName=NetC3_2 Pin=IC1-P6
Added Pin To Net: NetName=NetC3_2 Pin=R1-1
Added Net: Name=NetC3_2
Added Pin To Net: NetName=NetC6_1 Pin=C6-1
Added Pin To Net: NetName=NetC6_1 Pin=IC3-1
Added Net: Name=NetC6_1
Added Pin To Net: NetName=NetC7_1 Pin=C7-1
Added Pin To Net: NetName=NetC7_1 Pin=L1-1
Added Net: Name=NetC7_1
Added Pin To Net: NetName=NetC7_2 Pin=C7-2
Added Pin To Net: NetName=NetC7_2 Pin=C8-2
Added Pin To Net: NetName=NetC7_2 Pin=C9-2
Added Pin To Net: NetName=NetC7_2 Pin=IC3-2
Added Net: Name=NetC7_2
Added Pin To Net: NetName=NetC8_1 Pin=C8-1
Added Pin To Net: NetName=NetC8_1 Pin=R3-2
Added Net: Name=NetC8_1
Added Pin To Net: NetName=NetC10_1 Pin=C10-1
Added Pin To Net: NetName=NetC10_1 Pin=L2-1
Added Pin To Net: NetName=NetC10_1 Pin=R4-1
Added Net: Name=NetC10_1
Added Pin To Net: NetName=NetC11_2 Pin=C11-2
Added Pin To Net: NetName=NetC11_2 Pin=C12-2
Added Pin To Net: NetName=NetC11_2 Pin=IC3-3
Added Pin To Net: NetName=NetC11_2 Pin=L3-1
Added Net: Name=NetC11_2
Added Pin To Net: NetName=NetC13_1 Pin=C13-1
Added Pin To Net: NetName=NetC13_1 Pin=L4-1
Added Pin To Net: NetName=NetC13_1 Pin=R6-1
Added Net: Name=NetC13_1
Added Pin To Net: NetName=NetC14_1 Pin=C14-1
Added Pin To Net: NetName=NetC14_1 Pin=IC3-5
Added Net: Name=NetC14_1
Added Pin To Net: NetName=NetC14_2 Pin=C14-2
Added Pin To Net: NetName=NetC14_2 Pin=IC3-7
Added Net: Name=NetC14_2
Added Pin To Net: NetName=NetC15_1 Pin=C15-1
Added Pin To Net: NetName=NetC15_1 Pin=IC3-4
Added Pin To Net: NetName=NetC15_1 Pin=R3-1
Added Net: Name=NetC15_1
Added Pin To Net: NetName=NetC15_2 Pin=C15-2
Added Pin To Net: NetName=NetC15_2 Pin=IC3-8
Added Net: Name=NetC15_2
Added Pin To Net: NetName=NetC16_2 Pin=C16-2
Added Pin To Net: NetName=NetC16_2 Pin=C17-1
Added Pin To Net: NetName=NetC16_2 Pin=IC3-14
Added Pin To Net: NetName=NetC16_2 Pin=L5-2
Added Net: Name=NetC16_2
Added Pin To Net: NetName=NetC18_1 Pin=C18-1
Added Pin To Net: NetName=NetC18_1 Pin=IC3-12
Added Pin To Net: NetName=NetC18_1 Pin=R8-2
Added Net: Name=NetC18_1
Added Pin To Net: NetName=NetC19_1 Pin=C19-1
Added Pin To Net: NetName=NetC19_1 Pin=C20-2
Added Pin To Net: NetName=NetC19_1 Pin=IC3-11
Added Net: Name=NetC19_1
Added Pin To Net: NetName=NetC21_2 Pin=C21-2
Added Pin To Net: NetName=NetC21_2 Pin=IC3-10
Added Pin To Net: NetName=NetC21_2 Pin=IC4-1
Added Net: Name=NetC21_2
Added Pin To Net: NetName=NetC23_1 Pin=C23-1
Added Pin To Net: NetName=NetC23_1 Pin=C27-1
Added Pin To Net: NetName=NetC23_1 Pin=R12-2
Added Pin To Net: NetName=NetC23_1 Pin=R13-2
Added Net: Name=NetC23_1
Added Pin To Net: NetName=NetC23_2 Pin=C23-2
Added Pin To Net: NetName=NetC23_2 Pin=IC6-4
Added Pin To Net: NetName=NetC23_2 Pin=R10-2
Added Pin To Net: NetName=NetC23_2 Pin=R11-1
Added Net: Name=NetC23_2
Added Pin To Net: NetName=NetC24_2 Pin=C24-2
Added Pin To Net: NetName=NetC24_2 Pin=C25-1
Added Pin To Net: NetName=NetC24_2 Pin=IC6-3
Added Pin To Net: NetName=NetC24_2 Pin=IC6-7
Added Pin To Net: NetName=NetC24_2 Pin=L6-2
Added Net: Name=NetC24_2
Added Pin To Net: NetName=NetC26_1 Pin=C26-1
Added Pin To Net: NetName=NetC26_1 Pin=TR1-3
Added Net: Name=NetC26_1
Added Pin To Net: NetName=NetC26_2 Pin=C26-2
Added Pin To Net: NetName=NetC26_2 Pin=R11-2
Added Net: Name=NetC26_2
Added Pin To Net: NetName=NetC27_2 Pin=C27-2
Added Pin To Net: NetName=NetC27_2 Pin=IC6-8
Added Pin To Net: NetName=NetC27_2 Pin=R10-1
Added Net: Name=NetC27_2
Added Pin To Net: NetName=NetC28_1 Pin=C28-1
Added Pin To Net: NetName=NetC28_1 Pin=R15-2
Added Pin To Net: NetName=NetC28_1 Pin=TR1-4
Added Net: Name=NetC28_1
Added Pin To Net: NetName=NetC28_2 Pin=C28-2
Added Pin To Net: NetName=NetC28_2 Pin=IC5-2
Added Net: Name=NetC28_2
Added Pin To Net: NetName=NetC29_1 Pin=C29-1
Added Pin To Net: NetName=NetC29_1 Pin=C38-1
Added Pin To Net: NetName=NetC29_1 Pin=R13-1
Added Pin To Net: NetName=NetC29_1 Pin=R14-2
Added Net: Name=NetC29_1
Added Pin To Net: NetName=NetC29_2 Pin=C29-2
Added Pin To Net: NetName=NetC29_2 Pin=IC6-1
Added Pin To Net: NetName=NetC29_2 Pin=R17-1
Added Net: Name=NetC29_2
Added Pin To Net: NetName=NetC30_1 Pin=C30-1
Added Pin To Net: NetName=NetC30_1 Pin=IC6-2
Added Net: Name=NetC30_1
Added Pin To Net: NetName=NetC31_2 Pin=C31-2
Added Pin To Net: NetName=NetC31_2 Pin=IC5-3
Added Net: Name=NetC31_2
Added Pin To Net: NetName=NetC32_1 Pin=C32-1
Added Pin To Net: NetName=NetC32_1 Pin=TR1-1
Added Net: Name=NetC32_1
Added Pin To Net: NetName=NetC32_2 Pin=C32-2
Added Pin To Net: NetName=NetC32_2 Pin=R16-2
Added Net: Name=NetC32_2
Added Pin To Net: NetName=NetC33_2 Pin=C33-2
Added Pin To Net: NetName=NetC33_2 Pin=IC5-16
Added Net: Name=NetC33_2
Added Pin To Net: NetName=NetC34_2 Pin=C34-2
Added Pin To Net: NetName=NetC34_2 Pin=IC5-1
Added Net: Name=NetC34_2
Added Pin To Net: NetName=NetC35_2 Pin=C35-2
Added Pin To Net: NetName=NetC35_2 Pin=IC5-14
Added Net: Name=NetC35_2
Added Pin To Net: NetName=NetC38_2 Pin=C38-2
Added Pin To Net: NetName=NetC38_2 Pin=IC6-5
Added Pin To Net: NetName=NetC38_2 Pin=R16-1
Added Pin To Net: NetName=NetC38_2 Pin=R17-2
Added Net: Name=NetC38_2
Added Pin To Net: NetName=NetC39_2 Pin=C39-2
Added Pin To Net: NetName=NetC39_2 Pin=C40-2
Added Pin To Net: NetName=NetC39_2 Pin=C41-2
Added Pin To Net: NetName=NetC39_2 Pin=IC8-20
Added Net: Name=NetC39_2
Added Pin To Net: NetName=NetC40_1 Pin=C40-1
Added Pin To Net: NetName=NetC40_1 Pin=C41-1
Added Pin To Net: NetName=NetC40_1 Pin=C42-2
Added Pin To Net: NetName=NetC40_1 Pin=IC8-21
Added Net: Name=NetC40_1
Added Pin To Net: NetName=NetC44_2 Pin=C44-2
Added Pin To Net: NetName=NetC44_2 Pin=IC8-23
Added Pin To Net: NetName=NetC44_2 Pin=R19-2
Added Net: Name=NetC44_2
Added Pin To Net: NetName=NetC45_1 Pin=C45-1
Added Pin To Net: NetName=NetC45_1 Pin=IC8-22
Added Net: Name=NetC45_1
Added Pin To Net: NetName=NetC46_2 Pin=C46-2
Added Pin To Net: NetName=NetC46_2 Pin=C47-1
Added Pin To Net: NetName=NetC46_2 Pin=IC8-18
Added Pin To Net: NetName=NetC46_2 Pin=IC8-24
Added Pin To Net: NetName=NetC46_2 Pin=SW2-3
Added Net: Name=NetC46_2
Added Pin To Net: NetName=NetC49_2 Pin=C49-2
Added Pin To Net: NetName=NetC49_2 Pin=C50-2
Added Pin To Net: NetName=NetC49_2 Pin=IC8-15
Added Pin To Net: NetName=NetC49_2 Pin=IC8-26
Added Pin To Net: NetName=NetC49_2 Pin=L7-2
Added Net: Name=NetC49_2
Added Pin To Net: NetName=NetD1_2 Pin=D1-2
Added Pin To Net: NetName=NetD1_2 Pin=IC1-P7
Added Net: Name=NetD1_2
Added Pin To Net: NetName=NetD2_1 Pin=D2-1
Added Pin To Net: NetName=NetD2_1 Pin=IC1-P8
Added Net: Name=NetD2_1
Added Pin To Net: NetName=NetD3_3 Pin=D3-3
Added Pin To Net: NetName=NetD3_3 Pin=IC2-3
Added Pin To Net: NetName=NetD3_3 Pin=L1-2
Added Net: Name=NetD3_3
Added Pin To Net: NetName=NetIC1_A7 Pin=IC1-A7
Added Net: Name=NetIC1_A7
Added Pin To Net: NetName=NetIC1_A8 Pin=IC1-A8
Added Net: Name=NetIC1_A8
Added Pin To Net: NetName=NetIC3_13 Pin=IC3-13
Added Pin To Net: NetName=NetIC3_13 Pin=SW1-2
Added Net: Name=NetIC3_13
Added Pin To Net: NetName=NetIC3_15 Pin=IC3-15
Added Pin To Net: NetName=NetIC3_15 Pin=L4-2
Added Pin To Net: NetName=NetIC3_15 Pin=R6-2
Added Net: Name=NetIC3_15
Added Pin To Net: NetName=NetIC3_16 Pin=IC3-16
Added Pin To Net: NetName=NetIC3_16 Pin=L2-2
Added Pin To Net: NetName=NetIC3_16 Pin=R4-2
Added Net: Name=NetIC3_16
Added Pin To Net: NetName=NetIC3_18 Pin=IC3-18
Added Pin To Net: NetName=NetIC3_18 Pin=R5-2
Added Net: Name=NetIC3_18
Added Pin To Net: NetName=NetIC3_19 Pin=IC3-19
Added Pin To Net: NetName=NetIC3_19 Pin=R2-2
Added Net: Name=NetIC3_19
Added Pin To Net: NetName=NetIC4_4 Pin=IC4-4
Added Pin To Net: NetName=NetIC4_4 Pin=IC9-11
Added Net: Name=NetIC4_4
Added Pin To Net: NetName=NetIC4_5 Pin=IC4-5
Added Pin To Net: NetName=NetIC4_5 Pin=IC9-12
Added Pin To Net: NetName=NetIC4_5 Pin=R9-2
Added Net: Name=NetIC4_5
Added Pin To Net: NetName=NetIC4_6 Pin=IC4-6
Added Pin To Net: NetName=NetIC4_6 Pin=IC9-13
Added Pin To Net: NetName=NetIC4_6 Pin=R7-1
Added Net: Name=NetIC4_6
Added Pin To Net: NetName=NetIC5_10 Pin=IC5-10
Added Pin To Net: NetName=NetIC5_10 Pin=R19-1
Added Net: Name=NetIC5_10
Added Pin To Net: NetName=NetIC7_1 Pin=IC7-1
Added Pin To Net: NetName=NetIC7_1 Pin=IC7-19
Added Pin To Net: NetName=NetIC7_1 Pin=IC9-1
Added Pin To Net: NetName=NetIC7_1 Pin=IC9-19
Added Pin To Net: NetName=NetIC7_1 Pin=R18-1
Added Net: Name=NetIC7_1
Added Pin To Net: NetName=NetIC8_1 Pin=IC8-1
Added Pin To Net: NetName=NetIC8_1 Pin=IC9-6
Added Pin To Net: NetName=NetIC8_1 Pin=OSC1-5
Added Net: Name=NetIC8_1
Added Pin To Net: NetName=NetIC8_17 Pin=IC8-17
Added Pin To Net: NetName=NetIC8_17 Pin=SW2-2
Added Net: Name=NetIC8_17
Added Pin To Net: NetName=NetIC9_7 Pin=IC9-7
Added Net: Name=NetIC9_7
Added Pin To Net: NetName=NetIC9_8 Pin=IC9-8
Added Net: Name=NetIC9_8
Added Pin To Net: NetName=NetIC9_9 Pin=IC9-9
Added Net: Name=NetIC9_9
Added Pin To Net: NetName=NetIC9_14 Pin=IC9-14
Added Net: Name=NetIC9_14
Added Pin To Net: NetName=NetIC10_8 Pin=IC10-8
Added Pin To Net: NetName=NetIC10_8 Pin=IC10-17
Added Pin To Net: NetName=NetIC10_8 Pin=P1-2
Added Net: Name=NetIC10_8
Added Pin To Net: NetName=NetIC10_9 Pin=IC10-9
Added Pin To Net: NetName=NetIC10_9 Pin=IC10-16
Added Pin To Net: NetName=NetIC10_9 Pin=P1-1
Added Net: Name=NetIC10_9
Added Pin To Net: NetName=NetJ3_1 Pin=J3-1
Added Net: Name=NetJ3_1
Added Pin To Net: NetName=NetJ3_2 Pin=J3-2
Added Net: Name=NetJ3_2
Added Pin To Net: NetName=NetOSC1_3 Pin=OSC1-3
Added Pin To Net: NetName=NetOSC1_3 Pin=SW3-5
Added Pin To Net: NetName=NetOSC1_3 Pin=SW3-6
Added Pin To Net: NetName=NetOSC1_3 Pin=SW3-7
Added Pin To Net: NetName=NetOSC1_3 Pin=SW3-8
Added Net: Name=NetOSC1_3
Added Net: Name=NetP8_3
Added Net: Name=NetP8_4
Added Net: Name=NetP8_5
Added Net: Name=NetP8_6
Added Net: Name=NetP8_7
Added Net: Name=NetP8_8
Added Net: Name=NetP8_9
Added Net: Name=NetP8_10
Added Net: Name=NetP8_11
Added Net: Name=NetP8_12
Added Net: Name=NetP8_13
Added Net: Name=NetP8_14
Added Net: Name=NetP8_15
Added Net: Name=NetP8_16
Added Net: Name=NetP8_17
Added Net: Name=NetP8_18
Added Net: Name=NetP8_19
Added Net: Name=NetP8_20
Added Net: Name=NetP8_21
Added Net: Name=NetP8_22
Added Net: Name=NetP8_23
Added Net: Name=NetP8_24
Added Net: Name=NetP8_25
Added Net: Name=NetP8_26
Added Net: Name=NetP8_31
Added Net: Name=NetP8_32
Added Net: Name=NetP8_33
Added Net: Name=NetP8_34
Added Net: Name=NetP8_35
Added Net: Name=NetP8_36
Added Net: Name=NetP8_37
Added Net: Name=NetP8_38
Added Net: Name=NetP9_9
Added Net: Name=NetP9_10
Added Net: Name=NetP9_11
Added Net: Name=NetP9_12
Added Net: Name=NetP9_13
Added Net: Name=NetP9_14
Added Net: Name=NetP9_15
Added Net: Name=NetP9_16
Added Net: Name=NetP9_17
Added Net: Name=NetP9_18
Added Net: Name=NetP9_19
Added Net: Name=NetP9_20
Added Net: Name=NetP9_21
Added Net: Name=NetP9_22
Added Net: Name=NetP9_23
Added Net: Name=NetP9_24
Added Net: Name=NetP9_33
Added Net: Name=NetP9_35
Added Net: Name=NetP9_36
Added Net: Name=NetP9_37
Added Net: Name=NetP9_38
Added Net: Name=NetP9_39
Added Net: Name=NetP9_40
Added Net: Name=NetP9_41
Added Net: Name=NetP9_42
Added Pin To Net: NetName=NetR20_2 Pin=R20-2
Added Pin To Net: NetName=NetR20_2 Pin=SW3-1
Added Net: Name=NetR20_2
Added Pin To Net: NetName=NetR21_2 Pin=R21-2
Added Pin To Net: NetName=NetR21_2 Pin=SW3-2
Added Net: Name=NetR21_2
Added Pin To Net: NetName=NetR22_2 Pin=R22-2
Added Pin To Net: NetName=NetR22_2 Pin=SW3-3
Added Net: Name=NetR22_2
Added Pin To Net: NetName=NetR23_2 Pin=R23-2
Added Pin To Net: NetName=NetR23_2 Pin=SW3-4
Added Net: Name=NetR23_2
Added Net: Name=SYS_5V
Added Pin To Net: NetName=ULTRASOUND_TRANSDUCER Pin=D1-1
Added Pin To Net: NetName=ULTRASOUND_TRANSDUCER Pin=D2-2
Added Pin To Net: NetName=ULTRASOUND_TRANSDUCER Pin=IC2-1
Added Pin To Net: NetName=ULTRASOUND_TRANSDUCER Pin=J1-1
Added Net: Name=ULTRASOUND_TRANSDUCER
Added Pin To Net: NetName=VDD_3V3B Pin=C1-2
Added Pin To Net: NetName=VDD_3V3B Pin=C43-2
Added Pin To Net: NetName=VDD_3V3B Pin=C48-2
Added Pin To Net: NetName=VDD_3V3B Pin=C51-2
Added Pin To Net: NetName=VDD_3V3B Pin=C52-2
Added Pin To Net: NetName=VDD_3V3B Pin=IC1-A9
Added Pin To Net: NetName=VDD_3V3B Pin=IC7-20
Added Pin To Net: NetName=VDD_3V3B Pin=IC8-28
Added Pin To Net: NetName=VDD_3V3B Pin=IC9-20
Added Pin To Net: NetName=VDD_3V3B Pin=OSC1-1
Added Pin To Net: NetName=VDD_3V3B Pin=R18-2
Added Pin To Net: NetName=VDD_3V3B Pin=R20-1
Added Pin To Net: NetName=VDD_3V3B Pin=R21-1
Added Pin To Net: NetName=VDD_3V3B Pin=R22-1
Added Pin To Net: NetName=VDD_3V3B Pin=R23-1
Added Net: Name=VDD_3V3B
Added Pin To Net: NetName=VDD_5V Pin=C2-2
Added Pin To Net: NetName=VDD_5V Pin=C5-2
Added Pin To Net: NetName=VDD_5V Pin=C22-2
Added Pin To Net: NetName=VDD_5V Pin=C33-1
Added Pin To Net: NetName=VDD_5V Pin=C34-1
Added Pin To Net: NetName=VDD_5V Pin=C35-1
Added Pin To Net: NetName=VDD_5V Pin=C36-2
Added Pin To Net: NetName=VDD_5V Pin=C37-2
Added Pin To Net: NetName=VDD_5V Pin=C54-2
Added Pin To Net: NetName=VDD_5V Pin=IC1-A6
Added Pin To Net: NetName=VDD_5V Pin=IC1-F4
Added Pin To Net: NetName=VDD_5V Pin=IC4-3
Added Pin To Net: NetName=VDD_5V Pin=IC5-4
Added Pin To Net: NetName=VDD_5V Pin=IC5-15
Added Pin To Net: NetName=VDD_5V Pin=IC10-22
Added Pin To Net: NetName=VDD_5V Pin=IC10-23
Added Pin To Net: NetName=VDD_5V Pin=L3-2
Added Pin To Net: NetName=VDD_5V Pin=L5-1
Added Pin To Net: NetName=VDD_5V Pin=L6-1
Added Pin To Net: NetName=VDD_5V Pin=L7-1
Added Pin To Net: NetName=VDD_5V Pin=R2-1
Added Pin To Net: NetName=VDD_5V Pin=R5-1
Added Pin To Net: NetName=VDD_5V Pin=R7-2
Added Pin To Net: NetName=VDD_5V Pin=SW1-3
Added Net: Name=VDD_5V
Added Net: Name=VDD_ADC
Added Pin To Net: NetName=VGA_OUT_N Pin=C10-2
Added Pin To Net: NetName=VGA_OUT_N Pin=R14-1
Added Net: Name=VGA_OUT_N
Added Pin To Net: NetName=VGA_OUT_P Pin=C13-2
Added Pin To Net: NetName=VGA_OUT_P Pin=R12-1
Added Net: Name=VGA_OUT_P
Change Class Name : Old Net Name=TopLevel New Net Name=BBB_Connection
Added Class: Name=1
Added Class: Name=2
Added Class: Name=BIT[1..12]
Added Differential Pair: Name=VGA_OUT
Added Member To Class: ClassName=BBB_Connection Member=Component C53 4700nF
Added Member To Class: ClassName=BBB_Connection Member=Component C54 47uF
Added Member To Class: ClassName=BBB_Connection Member=Component IC10 R05-100B
Added Member To Class: ClassName=BBB_Connection Member=Component J3 Family
Added Member To Class: ClassName=BBB_Connection Member=Component L8 75R@100MHz
Added Member To Class: ClassName=BBB_Connection Member=Component P1 5k
Change Room Name: Old Name=TopLevel New Name=BBB_Connection
Change Room Scope: Old Scope=InComponentClass('TopLevel') New Scope=InComponentClass('BBB_Connection')
Added Room: Name=1
Added Room: Name=2
