Removed Pin From Net: NetName=AGND Pin=SW1-1
Removed Pin From Net: NetName=NetIC3_13 Pin=SW1-2
Removed Pin From Net: NetName=VDD_5V Pin=SW1-3
Removed Pin From Net: NetName=AGND Pin=SW2-1
Removed Pin From Net: NetName=NetIC8_17 Pin=SW2-2
Removed Pin From Net: NetName=NetC46_2 Pin=SW2-3
Removed Member From Class: ClassName=1 Member=SW1
Removed Member From Class: ClassName=2 Member=SW2
Change Component Designator: OldDesignator=J3 NewDesignator=J2
Added Component: Designator=Jumper1(SULLINS_GRPB031VWVN)
Added Component: Designator=Jumper2(SULLINS_GRPB031VWVN)
Added Pin To Net: NetName=VDD_5V Pin=Jumper1-1
Added Pin To Net: NetName=NetIC3_13 Pin=Jumper1-2
Added Pin To Net: NetName=AGND Pin=Jumper1-3
Added Pin To Net: NetName=NetC46_2 Pin=Jumper2-1
Added Pin To Net: NetName=NetIC8_17 Pin=Jumper2-2
Added Pin To Net: NetName=AGND Pin=Jumper2-3
Change Net Name : Old Net Name=NetJ3_1 New Net Name=NetJ2_1
Change Net Name : Old Net Name=NetJ3_2 New Net Name=NetJ2_2
Added Member To Class: ClassName=1 Member=Component Jumper1 Family
Added Member To Class: ClassName=2 Member=Component Jumper2 Family
